# Logfile created on 2023-12-02 14:15:02 +0000 by logger.rb/v1.4.3
[2023-12-02T14:15:03+00:00] INFO: Started Cinc Zero at chefzero://localhost:1 with repository at /opt/gitlab/embedded (One version per cookbook)
[2023-12-02T14:15:03+00:00] INFO: *** Cinc Client 17.10.0 ***
[2023-12-02T14:15:03+00:00] INFO: Platform: x86_64-linux
[2023-12-02T14:15:03+00:00] INFO: Cinc-client pid: 30
[2023-12-02T14:15:04+00:00] INFO: Setting the run_list to ["recipe[gitlab]"] from CLI options
[2023-12-02T14:15:04+00:00] INFO: Run List is [recipe[gitlab]]
[2023-12-02T14:15:04+00:00] INFO: Run List expands to [gitlab]
[2023-12-02T14:15:04+00:00] INFO: Starting Cinc Client Run for 7f9affd41dee
[2023-12-02T14:15:04+00:00] INFO: Running start handlers
[2023-12-02T14:15:04+00:00] INFO: Start handlers complete.
[2023-12-02T14:15:06+00:00] INFO: Loading cookbooks [gitlab@0.0.1, package@0.1.0, logrotate@0.1.0, postgresql@0.1.0, redis@0.1.0, monitoring@0.1.0, registry@0.1.0, mattermost@0.1.0, consul@0.1.0, gitaly@0.1.0, praefect@0.1.0, gitlab-kas@0.1.0, gitlab-pages@0.1.0, letsencrypt@0.1.0, nginx@0.1.0, runit@5.1.7, acme@4.1.6, crond@0.1.0]
[2023-12-02T14:15:08+00:00] INFO: Generating default secrets
[2023-12-02T14:15:10+00:00] INFO: Generating gitlab-secrets.json file
[2023-12-02T14:15:10+00:00] WARN: gitlab-rails does not have a log_group or default logdir mode defined. Setting to 0700.
[2023-12-02T14:15:10+00:00] INFO: Skipped selecting an init system because it was explicitly disabled
[2023-12-02T14:15:10+00:00] WARN: gitlab-shell does not have a log_group or default logdir mode defined. Setting to 0700.
[2023-12-02T14:15:10+00:00] WARN: gitlab-sshd does not have a log_group or default logdir mode defined. Setting to 0700.
[2023-12-02T14:15:10+00:00] WARN: logrotate does not have a log_group or default logdir mode defined. Setting to 0700.
[2023-12-02T14:15:10+00:00] WARN: logrotate does not have a log_group or default logdir mode defined. Setting to 0700.
[2023-12-02T14:15:10+00:00] WARN: puma does not have a log_group or default logdir mode defined. Setting to 0700.
[2023-12-02T14:15:10+00:00] WARN: gitlab-rails does not have a log_group or default logdir mode defined. Setting to 0700.
[2023-12-02T14:15:10+00:00] WARN: gitlab-shell does not have a log_group or default logdir mode defined. Setting to 0700.
[2023-12-02T14:15:10+00:00] WARN: gitlab-workhorse does not have a log_group or default logdir mode defined. Setting to 0700.
[2023-12-02T14:15:10+00:00] WARN: gitlab-pages does not have a log_group or default logdir mode defined. Setting to 0700.
[2023-12-02T14:15:10+00:00] WARN: gitlab-kas does not have a log_group or default logdir mode defined. Setting to 0700.
[2023-12-02T14:15:10+00:00] WARN: gitaly does not have a log_group or default logdir mode defined. Setting to 0700.
[2023-12-02T14:15:10+00:00] WARN: mailroom does not have a log_group or default logdir mode defined. Setting to 0700.
[2023-12-02T14:15:10+00:00] WARN: gitaly does not have a log_group or default logdir mode defined. Setting to 0700.
[2023-12-02T14:15:10+00:00] WARN: postgresql does not have a log_group or default logdir mode defined. Setting to 0700.
[2023-12-02T14:15:10+00:00] WARN: postgresql does not have a log_group or default logdir mode defined. Setting to 0700.
[2023-12-02T14:15:10+00:00] INFO: /opt/gitlab/init/postgresql status does not exist.
[2023-12-02T14:15:10+00:00] WARN: gitlab-kas does not have a log_group or default logdir mode defined. Setting to 0700.
[2023-12-02T14:15:10+00:00] WARN: puma does not have a log_group or default logdir mode defined. Setting to 0700.
[2023-12-02T14:15:10+00:00] WARN: sidekiq does not have a log_group or default logdir mode defined. Setting to 0700.
[2023-12-02T14:15:10+00:00] WARN: gitlab-workhorse does not have a log_group or default logdir mode defined. Setting to 0700.
[2023-12-02T14:15:11+00:00] WARN: gitlab-exporter does not have a log_group or default logdir mode defined. Setting to 0700.
[2023-12-02T14:15:11+00:00] WARN: redis-exporter does not have a log_group or default logdir mode defined. Setting to 0700.
[2023-12-02T14:15:11+00:00] WARN: prometheus does not have a log_group or default logdir mode defined. Setting to 0700.
[2023-12-02T14:15:11+00:00] WARN: alertmanager does not have a log_group or default logdir mode defined. Setting to 0700.
[2023-12-02T14:15:11+00:00] WARN: postgres-exporter does not have a log_group or default logdir mode defined. Setting to 0700.
[2023-12-02T14:15:12+00:00] WARN: only_if block for templatesymlink[Create a gitlab_pages_secret and create a symlink to Rails root] returned a string, did you mean to run a command?
[2023-12-02T14:15:12+00:00] WARN: only_if block for templatesymlink[Create a gitlab_kas_secret and create a symlink to Rails root] returned a string, did you mean to run a command?
[2023-12-02T14:15:13+00:00] INFO: ruby_block[Move existing certs and link to /opt/gitlab/embedded/ssl/certs] called
[2023-12-02T14:15:14+00:00] INFO: link[/opt/gitlab/service/logrotate] created
[2023-12-02T14:15:15+00:00] INFO: Retrying execution of execute[/opt/gitlab/bin/gitlab-ctl start logrotate], 19 attempts left
[2023-12-02T14:15:17+00:00] INFO: execute[/opt/gitlab/bin/gitlab-ctl start logrotate] ran successfully
[2023-12-02T14:15:17+00:00] WARN: redis does not have a log_group or default logdir mode defined. Setting to 0700.
[2023-12-02T14:15:18+00:00] INFO: link[/opt/gitlab/service/redis] created
[2023-12-02T14:15:18+00:00] INFO: Retrying execution of execute[/opt/gitlab/bin/gitlab-ctl start redis], 19 attempts left
[2023-12-02T14:15:21+00:00] INFO: Retrying execution of execute[/opt/gitlab/bin/gitlab-ctl start redis], 18 attempts left
[2023-12-02T14:15:24+00:00] INFO: execute[/opt/gitlab/bin/gitlab-ctl start redis] ran successfully
[2023-12-02T14:15:24+00:00] INFO: link[/opt/gitlab/service/gitaly] created
[2023-12-02T14:15:25+00:00] INFO: Retrying execution of execute[/opt/gitlab/bin/gitlab-ctl start gitaly], 19 attempts left
[2023-12-02T14:15:28+00:00] INFO: execute[/opt/gitlab/bin/gitlab-ctl start gitaly] ran successfully
[2023-12-02T14:15:32+00:00] INFO: file[/var/opt/gitlab/postgresql/data/server.crt] created file /var/opt/gitlab/postgresql/data/server.crt
[2023-12-02T14:15:32+00:00] INFO: file[/var/opt/gitlab/postgresql/data/server.crt] updated file contents /var/opt/gitlab/postgresql/data/server.crt
[2023-12-02T14:15:32+00:00] INFO: file[/var/opt/gitlab/postgresql/data/server.crt] owner changed to 996
[2023-12-02T14:15:32+00:00] INFO: file[/var/opt/gitlab/postgresql/data/server.crt] group changed to 996
[2023-12-02T14:15:32+00:00] INFO: file[/var/opt/gitlab/postgresql/data/server.crt] mode changed to 400
[2023-12-02T14:15:32+00:00] INFO: file[/var/opt/gitlab/postgresql/data/server.key] created file /var/opt/gitlab/postgresql/data/server.key
[2023-12-02T14:15:32+00:00] INFO: file[/var/opt/gitlab/postgresql/data/server.key] updated file contents /var/opt/gitlab/postgresql/data/server.key
[2023-12-02T14:15:32+00:00] INFO: file[/var/opt/gitlab/postgresql/data/server.key] owner changed to 996
[2023-12-02T14:15:32+00:00] INFO: file[/var/opt/gitlab/postgresql/data/server.key] group changed to 996
[2023-12-02T14:15:32+00:00] INFO: file[/var/opt/gitlab/postgresql/data/server.key] mode changed to 400
[2023-12-02T14:15:32+00:00] INFO: template[/var/opt/gitlab/postgresql/data/postgresql.conf] backed up to /opt/gitlab/embedded/cookbooks/cache/backup/var/opt/gitlab/postgresql/data/postgresql.conf.chef-20231202141532.730322
[2023-12-02T14:15:32+00:00] INFO: template[/var/opt/gitlab/postgresql/data/postgresql.conf] updated file contents /var/opt/gitlab/postgresql/data/postgresql.conf
[2023-12-02T14:15:32+00:00] INFO: template[/var/opt/gitlab/postgresql/data/postgresql.conf] mode changed to 644
[2023-12-02T14:15:32+00:00] INFO: template[/var/opt/gitlab/postgresql/data/runtime.conf] created file /var/opt/gitlab/postgresql/data/runtime.conf
[2023-12-02T14:15:32+00:00] INFO: template[/var/opt/gitlab/postgresql/data/runtime.conf] updated file contents /var/opt/gitlab/postgresql/data/runtime.conf
[2023-12-02T14:15:32+00:00] INFO: template[/var/opt/gitlab/postgresql/data/runtime.conf] owner changed to 996
[2023-12-02T14:15:32+00:00] INFO: template[/var/opt/gitlab/postgresql/data/runtime.conf] mode changed to 644
[2023-12-02T14:15:32+00:00] INFO: template[/var/opt/gitlab/postgresql/data/pg_hba.conf] backed up to /opt/gitlab/embedded/cookbooks/cache/backup/var/opt/gitlab/postgresql/data/pg_hba.conf.chef-20231202141532.864191
[2023-12-02T14:15:32+00:00] INFO: template[/var/opt/gitlab/postgresql/data/pg_hba.conf] updated file contents /var/opt/gitlab/postgresql/data/pg_hba.conf
[2023-12-02T14:15:32+00:00] INFO: template[/var/opt/gitlab/postgresql/data/pg_hba.conf] mode changed to 644
[2023-12-02T14:15:32+00:00] INFO: template[/var/opt/gitlab/postgresql/data/pg_ident.conf] backed up to /opt/gitlab/embedded/cookbooks/cache/backup/var/opt/gitlab/postgresql/data/pg_ident.conf.chef-20231202141532.899817
[2023-12-02T14:15:32+00:00] INFO: template[/var/opt/gitlab/postgresql/data/pg_ident.conf] updated file contents /var/opt/gitlab/postgresql/data/pg_ident.conf
[2023-12-02T14:15:32+00:00] INFO: template[/var/opt/gitlab/postgresql/data/pg_ident.conf] mode changed to 644
[2023-12-02T14:15:32+00:00] INFO: directory[/opt/gitlab/sv/postgresql] created directory /opt/gitlab/sv/postgresql
[2023-12-02T14:15:32+00:00] INFO: directory[/opt/gitlab/sv/postgresql] owner changed to 0
[2023-12-02T14:15:32+00:00] INFO: directory[/opt/gitlab/sv/postgresql] group changed to 0
[2023-12-02T14:15:32+00:00] INFO: directory[/opt/gitlab/sv/postgresql] mode changed to 755
[2023-12-02T14:15:32+00:00] INFO: template[/opt/gitlab/sv/postgresql/run] created file /opt/gitlab/sv/postgresql/run
[2023-12-02T14:15:32+00:00] INFO: template[/opt/gitlab/sv/postgresql/run] updated file contents /opt/gitlab/sv/postgresql/run
[2023-12-02T14:15:32+00:00] INFO: template[/opt/gitlab/sv/postgresql/run] owner changed to 0
[2023-12-02T14:15:32+00:00] INFO: template[/opt/gitlab/sv/postgresql/run] group changed to 0
[2023-12-02T14:15:32+00:00] INFO: template[/opt/gitlab/sv/postgresql/run] mode changed to 755
[2023-12-02T14:15:32+00:00] INFO: directory[/opt/gitlab/sv/postgresql/log] created directory /opt/gitlab/sv/postgresql/log
[2023-12-02T14:15:32+00:00] INFO: directory[/opt/gitlab/sv/postgresql/log] owner changed to 0
[2023-12-02T14:15:32+00:00] INFO: directory[/opt/gitlab/sv/postgresql/log] group changed to 0
[2023-12-02T14:15:32+00:00] INFO: directory[/opt/gitlab/sv/postgresql/log] mode changed to 755
[2023-12-02T14:15:32+00:00] INFO: directory[/opt/gitlab/sv/postgresql/log/main] created directory /opt/gitlab/sv/postgresql/log/main
[2023-12-02T14:15:32+00:00] INFO: directory[/opt/gitlab/sv/postgresql/log/main] owner changed to 0
[2023-12-02T14:15:32+00:00] INFO: directory[/opt/gitlab/sv/postgresql/log/main] group changed to 0
[2023-12-02T14:15:32+00:00] INFO: directory[/opt/gitlab/sv/postgresql/log/main] mode changed to 755
[2023-12-02T14:15:32+00:00] INFO: template[/opt/gitlab/sv/postgresql/log/config] created file /opt/gitlab/sv/postgresql/log/config
[2023-12-02T14:15:32+00:00] INFO: template[/opt/gitlab/sv/postgresql/log/config] updated file contents /opt/gitlab/sv/postgresql/log/config
[2023-12-02T14:15:32+00:00] INFO: template[/opt/gitlab/sv/postgresql/log/config] owner changed to 0
[2023-12-02T14:15:32+00:00] INFO: template[/opt/gitlab/sv/postgresql/log/config] group changed to 0
[2023-12-02T14:15:32+00:00] INFO: template[/opt/gitlab/sv/postgresql/log/config] mode changed to 644
[2023-12-02T14:15:32+00:00] INFO: template[/opt/gitlab/sv/postgresql/log/config] sending create action to ruby_block[verify_chown_persisted_on_postgresql] (immediate)
[2023-12-02T14:15:32+00:00] INFO: ruby_block[verify_chown_persisted_on_postgresql] called
[2023-12-02T14:15:33+00:00] INFO: template[/opt/gitlab/sv/postgresql/log/run] created file /opt/gitlab/sv/postgresql/log/run
[2023-12-02T14:15:33+00:00] INFO: template[/opt/gitlab/sv/postgresql/log/run] updated file contents /opt/gitlab/sv/postgresql/log/run
[2023-12-02T14:15:33+00:00] INFO: template[/opt/gitlab/sv/postgresql/log/run] owner changed to 0
[2023-12-02T14:15:33+00:00] INFO: template[/opt/gitlab/sv/postgresql/log/run] group changed to 0
[2023-12-02T14:15:33+00:00] INFO: template[/opt/gitlab/sv/postgresql/log/run] mode changed to 755
[2023-12-02T14:15:33+00:00] INFO: directory[/opt/gitlab/sv/postgresql/env] created directory /opt/gitlab/sv/postgresql/env
[2023-12-02T14:15:33+00:00] INFO: directory[/opt/gitlab/sv/postgresql/env] owner changed to 0
[2023-12-02T14:15:33+00:00] INFO: directory[/opt/gitlab/sv/postgresql/env] group changed to 0
[2023-12-02T14:15:33+00:00] INFO: directory[/opt/gitlab/sv/postgresql/env] mode changed to 755
[2023-12-02T14:15:33+00:00] INFO: directory[/opt/gitlab/sv/postgresql/control] created directory /opt/gitlab/sv/postgresql/control
[2023-12-02T14:15:33+00:00] INFO: directory[/opt/gitlab/sv/postgresql/control] owner changed to 0
[2023-12-02T14:15:33+00:00] INFO: directory[/opt/gitlab/sv/postgresql/control] group changed to 0
[2023-12-02T14:15:33+00:00] INFO: directory[/opt/gitlab/sv/postgresql/control] mode changed to 755
[2023-12-02T14:15:33+00:00] INFO: template[/opt/gitlab/sv/postgresql/control/t] created file /opt/gitlab/sv/postgresql/control/t
[2023-12-02T14:15:33+00:00] INFO: template[/opt/gitlab/sv/postgresql/control/t] updated file contents /opt/gitlab/sv/postgresql/control/t
[2023-12-02T14:15:33+00:00] INFO: template[/opt/gitlab/sv/postgresql/control/t] owner changed to 0
[2023-12-02T14:15:33+00:00] INFO: template[/opt/gitlab/sv/postgresql/control/t] group changed to 0
[2023-12-02T14:15:33+00:00] INFO: template[/opt/gitlab/sv/postgresql/control/t] mode changed to 755
[2023-12-02T14:15:33+00:00] INFO: link[/opt/gitlab/init/postgresql] created
[2023-12-02T14:15:33+00:00] INFO: template[/opt/gitlab/sv/postgresql/run] sending run action to ruby_block[restart_service] (delayed)
[2023-12-02T14:15:33+00:00] INFO: template[/opt/gitlab/sv/postgresql/log/config] sending create action to ruby_block[reload_log_service] (delayed)
[2023-12-02T14:15:33+00:00] INFO: link[/opt/gitlab/service/postgresql] created
[2023-12-02T14:15:35+00:00] INFO: ruby_block[wait for postgresql service socket] called
[2023-12-02T14:15:35+00:00] INFO: directory[/opt/gitlab/service/postgresql/supervise] mode changed to 755
[2023-12-02T14:15:35+00:00] INFO: directory[/opt/gitlab/service/postgresql/log/supervise] mode changed to 755
[2023-12-02T14:15:35+00:00] INFO: file[/opt/gitlab/service/postgresql/supervise/ok] created file /opt/gitlab/service/postgresql/supervise/ok
[2023-12-02T14:15:35+00:00] INFO: file[/opt/gitlab/service/postgresql/supervise/ok] owner changed to 996
[2023-12-02T14:15:35+00:00] INFO: file[/opt/gitlab/service/postgresql/supervise/ok] group changed to 996
[2023-12-02T14:15:35+00:00] INFO: file[/opt/gitlab/service/postgresql/supervise/ok] updated atime and mtime to 2023-12-02 14:15:35 +0000
[2023-12-02T14:15:35+00:00] INFO: file[/opt/gitlab/service/postgresql/log/supervise/ok] created file /opt/gitlab/service/postgresql/log/supervise/ok
[2023-12-02T14:15:35+00:00] INFO: file[/opt/gitlab/service/postgresql/log/supervise/ok] owner changed to 996
[2023-12-02T14:15:35+00:00] INFO: file[/opt/gitlab/service/postgresql/log/supervise/ok] group changed to 996
[2023-12-02T14:15:35+00:00] INFO: file[/opt/gitlab/service/postgresql/log/supervise/ok] updated atime and mtime to 2023-12-02 14:15:35 +0000
[2023-12-02T14:15:35+00:00] INFO: file[/opt/gitlab/service/postgresql/supervise/status] owner changed to 996
[2023-12-02T14:15:35+00:00] INFO: file[/opt/gitlab/service/postgresql/supervise/status] group changed to 996
[2023-12-02T14:15:35+00:00] INFO: file[/opt/gitlab/service/postgresql/supervise/status] updated atime and mtime to 2023-12-02 14:15:35 +0000
[2023-12-02T14:15:35+00:00] INFO: file[/opt/gitlab/service/postgresql/log/supervise/status] owner changed to 996
[2023-12-02T14:15:35+00:00] INFO: file[/opt/gitlab/service/postgresql/log/supervise/status] group changed to 996
[2023-12-02T14:15:35+00:00] INFO: file[/opt/gitlab/service/postgresql/log/supervise/status] updated atime and mtime to 2023-12-02 14:15:35 +0000
[2023-12-02T14:15:35+00:00] INFO: file[/opt/gitlab/service/postgresql/supervise/control] created file /opt/gitlab/service/postgresql/supervise/control
[2023-12-02T14:15:35+00:00] INFO: file[/opt/gitlab/service/postgresql/supervise/control] owner changed to 996
[2023-12-02T14:15:35+00:00] INFO: file[/opt/gitlab/service/postgresql/supervise/control] group changed to 996
[2023-12-02T14:15:35+00:00] INFO: file[/opt/gitlab/service/postgresql/supervise/control] updated atime and mtime to 2023-12-02 14:15:35 +0000
[2023-12-02T14:15:35+00:00] INFO: file[/opt/gitlab/service/postgresql/log/supervise/control] created file /opt/gitlab/service/postgresql/log/supervise/control
[2023-12-02T14:15:35+00:00] INFO: file[/opt/gitlab/service/postgresql/log/supervise/control] owner changed to 996
[2023-12-02T14:15:35+00:00] INFO: file[/opt/gitlab/service/postgresql/log/supervise/control] group changed to 996
[2023-12-02T14:15:35+00:00] INFO: file[/opt/gitlab/service/postgresql/log/supervise/control] updated atime and mtime to 2023-12-02 14:15:35 +0000
[2023-12-02T14:15:36+00:00] INFO: ruby_block[reload_log_service] called
[2023-12-02T14:15:36+00:00] INFO: template[/opt/gitlab/sv/postgresql/log/run] sending run action to ruby_block[restart_log_service] (delayed)
[2023-12-02T14:15:36+00:00] INFO: file[/opt/gitlab/service/postgresql/log/supervise/status] owner changed to 996
[2023-12-02T14:15:36+00:00] INFO: file[/opt/gitlab/service/postgresql/log/supervise/status] group changed to 996
[2023-12-02T14:15:36+00:00] INFO: file[/opt/gitlab/service/postgresql/log/supervise/status] updated atime and mtime to 2023-12-02 14:15:36 +0000
[2023-12-02T14:15:37+00:00] INFO: ruby_block[restart_log_service] called
[2023-12-02T14:15:37+00:00] INFO: file[/opt/gitlab/service/postgresql/log/supervise/status] owner changed to 996
[2023-12-02T14:15:37+00:00] INFO: file[/opt/gitlab/service/postgresql/log/supervise/status] group changed to 996
[2023-12-02T14:15:37+00:00] INFO: file[/opt/gitlab/service/postgresql/log/supervise/status] updated atime and mtime to 2023-12-02 14:15:37 +0000
[2023-12-02T14:15:38+00:00] INFO: execute[/opt/gitlab/bin/gitlab-ctl start postgresql] ran successfully
[2023-12-02T14:15:40+00:00] INFO: execute[create gitlab postgresql user] ran successfully
[2023-12-02T14:15:40+00:00] INFO: execute[create gitlab_replicator postgresql user] ran successfully
[2023-12-02T14:15:40+00:00] INFO: execute[set options for gitlab_replicator postgresql user] ran successfully
[2023-12-02T14:15:41+00:00] INFO: execute[create database gitlabhq_production] ran successfully
[2023-12-02T14:15:42+00:00] INFO: execute[enable pg_trgm extension (postgresql)] ran successfully
[2023-12-02T14:15:42+00:00] INFO: execute[enable btree_gist extension (postgresql)] ran successfully
[2023-12-02T14:15:42+00:00] INFO: file[/var/opt/gitlab/postgresql/VERSION] created file /var/opt/gitlab/postgresql/VERSION
[2023-12-02T14:15:42+00:00] INFO: file[/var/opt/gitlab/postgresql/VERSION] updated file contents /var/opt/gitlab/postgresql/VERSION
[2023-12-02T14:15:42+00:00] INFO: directory[/var/opt/gitlab/gitlab-kas] created directory /var/opt/gitlab/gitlab-kas
[2023-12-02T14:15:42+00:00] INFO: directory[/var/opt/gitlab/gitlab-kas] owner changed to 998
[2023-12-02T14:15:42+00:00] INFO: directory[/var/opt/gitlab/gitlab-kas] mode changed to 700
[2023-12-02T14:15:42+00:00] INFO: directory[/opt/gitlab/etc/gitlab-kas] created directory /opt/gitlab/etc/gitlab-kas
[2023-12-02T14:15:42+00:00] INFO: directory[/opt/gitlab/etc/gitlab-kas] owner changed to 998
[2023-12-02T14:15:42+00:00] INFO: directory[/opt/gitlab/etc/gitlab-kas] mode changed to 700
[2023-12-02T14:15:43+00:00] INFO: file[/var/opt/gitlab/gitlab-kas/VERSION] created file /var/opt/gitlab/gitlab-kas/VERSION
[2023-12-02T14:15:43+00:00] INFO: file[/var/opt/gitlab/gitlab-kas/VERSION] updated file contents /var/opt/gitlab/gitlab-kas/VERSION
[2023-12-02T14:15:43+00:00] INFO: file[/var/opt/gitlab/gitlab-kas/authentication_secret_file] created file /var/opt/gitlab/gitlab-kas/authentication_secret_file
[2023-12-02T14:15:43+00:00] INFO: file[/var/opt/gitlab/gitlab-kas/authentication_secret_file] updated file contents /var/opt/gitlab/gitlab-kas/authentication_secret_file
[2023-12-02T14:15:43+00:00] INFO: file[/var/opt/gitlab/gitlab-kas/authentication_secret_file] owner changed to 0
[2023-12-02T14:15:43+00:00] INFO: file[/var/opt/gitlab/gitlab-kas/authentication_secret_file] group changed to 998
[2023-12-02T14:15:43+00:00] INFO: file[/var/opt/gitlab/gitlab-kas/authentication_secret_file] mode changed to 640
[2023-12-02T14:15:43+00:00] INFO: file[/var/opt/gitlab/gitlab-kas/private_api_authentication_secret_file] created file /var/opt/gitlab/gitlab-kas/private_api_authentication_secret_file
[2023-12-02T14:15:43+00:00] INFO: file[/var/opt/gitlab/gitlab-kas/private_api_authentication_secret_file] updated file contents /var/opt/gitlab/gitlab-kas/private_api_authentication_secret_file
[2023-12-02T14:15:43+00:00] INFO: file[/var/opt/gitlab/gitlab-kas/private_api_authentication_secret_file] owner changed to 0
[2023-12-02T14:15:43+00:00] INFO: file[/var/opt/gitlab/gitlab-kas/private_api_authentication_secret_file] group changed to 998
[2023-12-02T14:15:43+00:00] INFO: file[/var/opt/gitlab/gitlab-kas/private_api_authentication_secret_file] mode changed to 640
[2023-12-02T14:15:43+00:00] INFO: template[/var/opt/gitlab/gitlab-kas/gitlab-kas-config.yml] created file /var/opt/gitlab/gitlab-kas/gitlab-kas-config.yml
[2023-12-02T14:15:43+00:00] INFO: template[/var/opt/gitlab/gitlab-kas/gitlab-kas-config.yml] updated file contents /var/opt/gitlab/gitlab-kas/gitlab-kas-config.yml
[2023-12-02T14:15:43+00:00] INFO: template[/var/opt/gitlab/gitlab-kas/gitlab-kas-config.yml] owner changed to 0
[2023-12-02T14:15:43+00:00] INFO: template[/var/opt/gitlab/gitlab-kas/gitlab-kas-config.yml] group changed to 998
[2023-12-02T14:15:43+00:00] INFO: template[/var/opt/gitlab/gitlab-kas/gitlab-kas-config.yml] mode changed to 640
[2023-12-02T14:15:43+00:00] INFO: directory[/opt/gitlab/etc/gitlab-kas/env] created directory /opt/gitlab/etc/gitlab-kas/env
[2023-12-02T14:15:43+00:00] INFO: file[/opt/gitlab/etc/gitlab-kas/env/SSL_CERT_DIR] created file /opt/gitlab/etc/gitlab-kas/env/SSL_CERT_DIR
[2023-12-02T14:15:43+00:00] INFO: file[/opt/gitlab/etc/gitlab-kas/env/SSL_CERT_DIR] updated file contents /opt/gitlab/etc/gitlab-kas/env/SSL_CERT_DIR
[2023-12-02T14:15:43+00:00] INFO: file[/opt/gitlab/etc/gitlab-kas/env/OWN_PRIVATE_API_URL] created file /opt/gitlab/etc/gitlab-kas/env/OWN_PRIVATE_API_URL
[2023-12-02T14:15:43+00:00] INFO: file[/opt/gitlab/etc/gitlab-kas/env/OWN_PRIVATE_API_URL] updated file contents /opt/gitlab/etc/gitlab-kas/env/OWN_PRIVATE_API_URL
[2023-12-02T14:15:43+00:00] INFO: directory[/opt/gitlab/sv/gitlab-kas] created directory /opt/gitlab/sv/gitlab-kas
[2023-12-02T14:15:43+00:00] INFO: directory[/opt/gitlab/sv/gitlab-kas] owner changed to 0
[2023-12-02T14:15:43+00:00] INFO: directory[/opt/gitlab/sv/gitlab-kas] group changed to 0
[2023-12-02T14:15:43+00:00] INFO: directory[/opt/gitlab/sv/gitlab-kas] mode changed to 755
[2023-12-02T14:15:43+00:00] INFO: template[/opt/gitlab/sv/gitlab-kas/run] created file /opt/gitlab/sv/gitlab-kas/run
[2023-12-02T14:15:43+00:00] INFO: template[/opt/gitlab/sv/gitlab-kas/run] updated file contents /opt/gitlab/sv/gitlab-kas/run
[2023-12-02T14:15:43+00:00] INFO: template[/opt/gitlab/sv/gitlab-kas/run] owner changed to 0
[2023-12-02T14:15:43+00:00] INFO: template[/opt/gitlab/sv/gitlab-kas/run] group changed to 0
[2023-12-02T14:15:43+00:00] INFO: template[/opt/gitlab/sv/gitlab-kas/run] mode changed to 755
[2023-12-02T14:15:43+00:00] INFO: directory[/opt/gitlab/sv/gitlab-kas/log] created directory /opt/gitlab/sv/gitlab-kas/log
[2023-12-02T14:15:43+00:00] INFO: directory[/opt/gitlab/sv/gitlab-kas/log] owner changed to 0
[2023-12-02T14:15:43+00:00] INFO: directory[/opt/gitlab/sv/gitlab-kas/log] group changed to 0
[2023-12-02T14:15:43+00:00] INFO: directory[/opt/gitlab/sv/gitlab-kas/log] mode changed to 755
[2023-12-02T14:15:43+00:00] INFO: directory[/opt/gitlab/sv/gitlab-kas/log/main] created directory /opt/gitlab/sv/gitlab-kas/log/main
[2023-12-02T14:15:43+00:00] INFO: directory[/opt/gitlab/sv/gitlab-kas/log/main] owner changed to 0
[2023-12-02T14:15:43+00:00] INFO: directory[/opt/gitlab/sv/gitlab-kas/log/main] group changed to 0
[2023-12-02T14:15:43+00:00] INFO: directory[/opt/gitlab/sv/gitlab-kas/log/main] mode changed to 755
[2023-12-02T14:15:43+00:00] INFO: template[/opt/gitlab/sv/gitlab-kas/log/config] created file /opt/gitlab/sv/gitlab-kas/log/config
[2023-12-02T14:15:43+00:00] INFO: template[/opt/gitlab/sv/gitlab-kas/log/config] updated file contents /opt/gitlab/sv/gitlab-kas/log/config
[2023-12-02T14:15:43+00:00] INFO: template[/opt/gitlab/sv/gitlab-kas/log/config] owner changed to 0
[2023-12-02T14:15:43+00:00] INFO: template[/opt/gitlab/sv/gitlab-kas/log/config] group changed to 0
[2023-12-02T14:15:43+00:00] INFO: template[/opt/gitlab/sv/gitlab-kas/log/config] mode changed to 644
[2023-12-02T14:15:43+00:00] INFO: template[/opt/gitlab/sv/gitlab-kas/log/config] sending create action to ruby_block[verify_chown_persisted_on_gitlab-kas] (immediate)
[2023-12-02T14:15:43+00:00] INFO: ruby_block[verify_chown_persisted_on_gitlab-kas] called
[2023-12-02T14:15:43+00:00] INFO: template[/opt/gitlab/sv/gitlab-kas/log/run] created file /opt/gitlab/sv/gitlab-kas/log/run
[2023-12-02T14:15:43+00:00] INFO: template[/opt/gitlab/sv/gitlab-kas/log/run] updated file contents /opt/gitlab/sv/gitlab-kas/log/run
[2023-12-02T14:15:43+00:00] INFO: template[/opt/gitlab/sv/gitlab-kas/log/run] owner changed to 0
[2023-12-02T14:15:43+00:00] INFO: template[/opt/gitlab/sv/gitlab-kas/log/run] group changed to 0
[2023-12-02T14:15:43+00:00] INFO: template[/opt/gitlab/sv/gitlab-kas/log/run] mode changed to 755
[2023-12-02T14:15:43+00:00] INFO: directory[/opt/gitlab/sv/gitlab-kas/env] created directory /opt/gitlab/sv/gitlab-kas/env
[2023-12-02T14:15:43+00:00] INFO: directory[/opt/gitlab/sv/gitlab-kas/env] owner changed to 0
[2023-12-02T14:15:43+00:00] INFO: directory[/opt/gitlab/sv/gitlab-kas/env] group changed to 0
[2023-12-02T14:15:43+00:00] INFO: directory[/opt/gitlab/sv/gitlab-kas/env] mode changed to 755
[2023-12-02T14:15:43+00:00] INFO: directory[/opt/gitlab/sv/gitlab-kas/control] created directory /opt/gitlab/sv/gitlab-kas/control
[2023-12-02T14:15:43+00:00] INFO: directory[/opt/gitlab/sv/gitlab-kas/control] owner changed to 0
[2023-12-02T14:15:43+00:00] INFO: directory[/opt/gitlab/sv/gitlab-kas/control] group changed to 0
[2023-12-02T14:15:43+00:00] INFO: directory[/opt/gitlab/sv/gitlab-kas/control] mode changed to 755
[2023-12-02T14:15:43+00:00] INFO: link[/opt/gitlab/init/gitlab-kas] created
[2023-12-02T14:15:43+00:00] INFO: template[/opt/gitlab/sv/gitlab-kas/run] sending run action to ruby_block[restart_service] (delayed)
[2023-12-02T14:15:43+00:00] INFO: template[/opt/gitlab/sv/gitlab-kas/log/config] sending create action to ruby_block[reload_log_service] (delayed)
[2023-12-02T14:15:43+00:00] INFO: link[/opt/gitlab/service/gitlab-kas] created
[2023-12-02T14:15:46+00:00] INFO: ruby_block[wait for gitlab-kas service socket] called
[2023-12-02T14:15:48+00:00] INFO: ruby_block[reload_log_service] called
[2023-12-02T14:15:48+00:00] INFO: template[/opt/gitlab/sv/gitlab-kas/log/run] sending run action to ruby_block[restart_log_service] (delayed)
[2023-12-02T14:15:49+00:00] INFO: ruby_block[restart_log_service] called
[2023-12-02T14:15:49+00:00] WARN: gitlab-rails does not have a log_group or default logdir mode defined. Setting to 0700.
[2023-12-02T14:17:09+00:00] INFO: bash_hide_env[migrate gitlab-rails database] ran successfully
[2023-12-02T14:17:09+00:00] INFO: rails_migration[gitlab-rails] sending run action to execute[clear the gitlab-rails cache] (immediate)
[2023-12-02T14:17:35+00:00] INFO: execute[clear the gitlab-rails cache] ran successfully
[2023-12-02T14:17:35+00:00] INFO: rails_migration[gitlab-rails] sending run action to ruby_block[check remote PG version] (immediate)
[2023-12-02T14:17:35+00:00] INFO: directory[/opt/gitlab/var/puma] created directory /opt/gitlab/var/puma
[2023-12-02T14:17:35+00:00] INFO: directory[/opt/gitlab/var/puma] owner changed to 998
[2023-12-02T14:17:35+00:00] INFO: directory[/opt/gitlab/var/puma] mode changed to 700
[2023-12-02T14:17:35+00:00] INFO: directory[/var/opt/gitlab/gitlab-rails/sockets] created directory /var/opt/gitlab/gitlab-rails/sockets
[2023-12-02T14:17:35+00:00] INFO: directory[/var/opt/gitlab/gitlab-rails/sockets] owner changed to 998
[2023-12-02T14:17:35+00:00] INFO: directory[/var/opt/gitlab/gitlab-rails/sockets] group changed to 999
[2023-12-02T14:17:35+00:00] INFO: directory[/var/opt/gitlab/gitlab-rails/sockets] mode changed to 750
[2023-12-02T14:17:35+00:00] INFO: template[/var/opt/gitlab/gitlab-rails/etc/puma.rb] created file /var/opt/gitlab/gitlab-rails/etc/puma.rb
[2023-12-02T14:17:35+00:00] INFO: template[/var/opt/gitlab/gitlab-rails/etc/puma.rb] updated file contents /var/opt/gitlab/gitlab-rails/etc/puma.rb
[2023-12-02T14:17:35+00:00] INFO: template[/var/opt/gitlab/gitlab-rails/etc/puma.rb] owner changed to 0
[2023-12-02T14:17:35+00:00] INFO: template[/var/opt/gitlab/gitlab-rails/etc/puma.rb] group changed to 0
[2023-12-02T14:17:35+00:00] INFO: template[/var/opt/gitlab/gitlab-rails/etc/puma.rb] mode changed to 644
[2023-12-02T14:17:35+00:00] INFO: directory[/opt/gitlab/sv/puma] created directory /opt/gitlab/sv/puma
[2023-12-02T14:17:35+00:00] INFO: directory[/opt/gitlab/sv/puma] owner changed to 0
[2023-12-02T14:17:35+00:00] INFO: directory[/opt/gitlab/sv/puma] group changed to 0
[2023-12-02T14:17:35+00:00] INFO: directory[/opt/gitlab/sv/puma] mode changed to 755
[2023-12-02T14:17:35+00:00] INFO: template[/opt/gitlab/sv/puma/run] created file /opt/gitlab/sv/puma/run
[2023-12-02T14:17:35+00:00] INFO: template[/opt/gitlab/sv/puma/run] updated file contents /opt/gitlab/sv/puma/run
[2023-12-02T14:17:35+00:00] INFO: template[/opt/gitlab/sv/puma/run] owner changed to 0
[2023-12-02T14:17:35+00:00] INFO: template[/opt/gitlab/sv/puma/run] group changed to 0
[2023-12-02T14:17:35+00:00] INFO: template[/opt/gitlab/sv/puma/run] mode changed to 755
[2023-12-02T14:17:35+00:00] INFO: directory[/opt/gitlab/sv/puma/log] created directory /opt/gitlab/sv/puma/log
[2023-12-02T14:17:35+00:00] INFO: directory[/opt/gitlab/sv/puma/log] owner changed to 0
[2023-12-02T14:17:35+00:00] INFO: directory[/opt/gitlab/sv/puma/log] group changed to 0
[2023-12-02T14:17:35+00:00] INFO: directory[/opt/gitlab/sv/puma/log] mode changed to 755
[2023-12-02T14:17:35+00:00] INFO: directory[/opt/gitlab/sv/puma/log/main] created directory /opt/gitlab/sv/puma/log/main
[2023-12-02T14:17:35+00:00] INFO: directory[/opt/gitlab/sv/puma/log/main] owner changed to 0
[2023-12-02T14:17:35+00:00] INFO: directory[/opt/gitlab/sv/puma/log/main] group changed to 0
[2023-12-02T14:17:35+00:00] INFO: directory[/opt/gitlab/sv/puma/log/main] mode changed to 755
[2023-12-02T14:17:35+00:00] INFO: template[/opt/gitlab/sv/puma/log/config] created file /opt/gitlab/sv/puma/log/config
[2023-12-02T14:17:35+00:00] INFO: template[/opt/gitlab/sv/puma/log/config] updated file contents /opt/gitlab/sv/puma/log/config
[2023-12-02T14:17:35+00:00] INFO: template[/opt/gitlab/sv/puma/log/config] owner changed to 0
[2023-12-02T14:17:35+00:00] INFO: template[/opt/gitlab/sv/puma/log/config] group changed to 0
[2023-12-02T14:17:35+00:00] INFO: template[/opt/gitlab/sv/puma/log/config] mode changed to 644
[2023-12-02T14:17:35+00:00] INFO: template[/opt/gitlab/sv/puma/log/config] sending create action to ruby_block[verify_chown_persisted_on_puma] (immediate)
[2023-12-02T14:17:35+00:00] INFO: ruby_block[verify_chown_persisted_on_puma] called
[2023-12-02T14:17:35+00:00] INFO: template[/opt/gitlab/sv/puma/log/run] created file /opt/gitlab/sv/puma/log/run
[2023-12-02T14:17:35+00:00] INFO: template[/opt/gitlab/sv/puma/log/run] updated file contents /opt/gitlab/sv/puma/log/run
[2023-12-02T14:17:35+00:00] INFO: template[/opt/gitlab/sv/puma/log/run] owner changed to 0
[2023-12-02T14:17:35+00:00] INFO: template[/opt/gitlab/sv/puma/log/run] group changed to 0
[2023-12-02T14:17:35+00:00] INFO: template[/opt/gitlab/sv/puma/log/run] mode changed to 755
[2023-12-02T14:17:35+00:00] INFO: directory[/opt/gitlab/sv/puma/env] created directory /opt/gitlab/sv/puma/env
[2023-12-02T14:17:35+00:00] INFO: directory[/opt/gitlab/sv/puma/env] owner changed to 0
[2023-12-02T14:17:35+00:00] INFO: directory[/opt/gitlab/sv/puma/env] group changed to 0
[2023-12-02T14:17:35+00:00] INFO: directory[/opt/gitlab/sv/puma/env] mode changed to 755
[2023-12-02T14:17:35+00:00] INFO: directory[/opt/gitlab/sv/puma/control] created directory /opt/gitlab/sv/puma/control
[2023-12-02T14:17:35+00:00] INFO: directory[/opt/gitlab/sv/puma/control] owner changed to 0
[2023-12-02T14:17:35+00:00] INFO: directory[/opt/gitlab/sv/puma/control] group changed to 0
[2023-12-02T14:17:35+00:00] INFO: directory[/opt/gitlab/sv/puma/control] mode changed to 755
[2023-12-02T14:17:35+00:00] INFO: template[/opt/gitlab/sv/puma/control/t] created file /opt/gitlab/sv/puma/control/t
[2023-12-02T14:17:35+00:00] INFO: template[/opt/gitlab/sv/puma/control/t] updated file contents /opt/gitlab/sv/puma/control/t
[2023-12-02T14:17:35+00:00] INFO: template[/opt/gitlab/sv/puma/control/t] owner changed to 0
[2023-12-02T14:17:35+00:00] INFO: template[/opt/gitlab/sv/puma/control/t] group changed to 0
[2023-12-02T14:17:35+00:00] INFO: template[/opt/gitlab/sv/puma/control/t] mode changed to 755
[2023-12-02T14:17:35+00:00] INFO: template[/opt/gitlab/sv/puma/control/h] created file /opt/gitlab/sv/puma/control/h
[2023-12-02T14:17:35+00:00] INFO: template[/opt/gitlab/sv/puma/control/h] updated file contents /opt/gitlab/sv/puma/control/h
[2023-12-02T14:17:35+00:00] INFO: template[/opt/gitlab/sv/puma/control/h] owner changed to 0
[2023-12-02T14:17:35+00:00] INFO: template[/opt/gitlab/sv/puma/control/h] group changed to 0
[2023-12-02T14:17:35+00:00] INFO: template[/opt/gitlab/sv/puma/control/h] mode changed to 755
[2023-12-02T14:17:35+00:00] INFO: link[/opt/gitlab/init/puma] created
[2023-12-02T14:17:35+00:00] INFO: template[/opt/gitlab/sv/puma/run] sending run action to ruby_block[restart_service] (delayed)
[2023-12-02T14:17:35+00:00] INFO: template[/opt/gitlab/sv/puma/log/config] sending create action to ruby_block[reload_log_service] (delayed)
[2023-12-02T14:17:35+00:00] INFO: link[/opt/gitlab/service/puma] created
[2023-12-02T14:17:38+00:00] INFO: ruby_block[wait for puma service socket] called
[2023-12-02T14:17:40+00:00] INFO: ruby_block[reload_log_service] called
[2023-12-02T14:17:40+00:00] INFO: template[/opt/gitlab/sv/puma/log/run] sending run action to ruby_block[restart_log_service] (delayed)
[2023-12-02T14:17:41+00:00] INFO: ruby_block[restart_log_service] called
[2023-12-02T14:17:42+00:00] INFO: execute[/opt/gitlab/bin/gitlab-ctl start puma] ran successfully
[2023-12-02T14:17:42+00:00] WARN: sidekiq does not have a log_group or default logdir mode defined. Setting to 0700.
[2023-12-02T14:17:42+00:00] INFO: directory[/opt/gitlab/sv/sidekiq] created directory /opt/gitlab/sv/sidekiq
[2023-12-02T14:17:42+00:00] INFO: directory[/opt/gitlab/sv/sidekiq] owner changed to 0
[2023-12-02T14:17:42+00:00] INFO: directory[/opt/gitlab/sv/sidekiq] group changed to 0
[2023-12-02T14:17:42+00:00] INFO: directory[/opt/gitlab/sv/sidekiq] mode changed to 755
[2023-12-02T14:17:42+00:00] INFO: template[/opt/gitlab/sv/sidekiq/run] created file /opt/gitlab/sv/sidekiq/run
[2023-12-02T14:17:42+00:00] INFO: template[/opt/gitlab/sv/sidekiq/run] updated file contents /opt/gitlab/sv/sidekiq/run
[2023-12-02T14:17:42+00:00] INFO: template[/opt/gitlab/sv/sidekiq/run] owner changed to 0
[2023-12-02T14:17:42+00:00] INFO: template[/opt/gitlab/sv/sidekiq/run] group changed to 0
[2023-12-02T14:17:42+00:00] INFO: template[/opt/gitlab/sv/sidekiq/run] mode changed to 755
[2023-12-02T14:17:42+00:00] INFO: directory[/opt/gitlab/sv/sidekiq/log] created directory /opt/gitlab/sv/sidekiq/log
[2023-12-02T14:17:42+00:00] INFO: directory[/opt/gitlab/sv/sidekiq/log] owner changed to 0
[2023-12-02T14:17:42+00:00] INFO: directory[/opt/gitlab/sv/sidekiq/log] group changed to 0
[2023-12-02T14:17:42+00:00] INFO: directory[/opt/gitlab/sv/sidekiq/log] mode changed to 755
[2023-12-02T14:17:42+00:00] INFO: directory[/opt/gitlab/sv/sidekiq/log/main] created directory /opt/gitlab/sv/sidekiq/log/main
[2023-12-02T14:17:42+00:00] INFO: directory[/opt/gitlab/sv/sidekiq/log/main] owner changed to 0
[2023-12-02T14:17:42+00:00] INFO: directory[/opt/gitlab/sv/sidekiq/log/main] group changed to 0
[2023-12-02T14:17:42+00:00] INFO: directory[/opt/gitlab/sv/sidekiq/log/main] mode changed to 755
[2023-12-02T14:17:42+00:00] INFO: template[/opt/gitlab/sv/sidekiq/log/config] created file /opt/gitlab/sv/sidekiq/log/config
[2023-12-02T14:17:42+00:00] INFO: template[/opt/gitlab/sv/sidekiq/log/config] updated file contents /opt/gitlab/sv/sidekiq/log/config
[2023-12-02T14:17:42+00:00] INFO: template[/opt/gitlab/sv/sidekiq/log/config] owner changed to 0
[2023-12-02T14:17:42+00:00] INFO: template[/opt/gitlab/sv/sidekiq/log/config] group changed to 0
[2023-12-02T14:17:42+00:00] INFO: template[/opt/gitlab/sv/sidekiq/log/config] mode changed to 644
[2023-12-02T14:17:42+00:00] INFO: template[/opt/gitlab/sv/sidekiq/log/config] sending create action to ruby_block[verify_chown_persisted_on_sidekiq] (immediate)
[2023-12-02T14:17:42+00:00] INFO: ruby_block[verify_chown_persisted_on_sidekiq] called
[2023-12-02T14:17:42+00:00] INFO: template[/opt/gitlab/sv/sidekiq/log/run] created file /opt/gitlab/sv/sidekiq/log/run
[2023-12-02T14:17:42+00:00] INFO: template[/opt/gitlab/sv/sidekiq/log/run] updated file contents /opt/gitlab/sv/sidekiq/log/run
[2023-12-02T14:17:42+00:00] INFO: template[/opt/gitlab/sv/sidekiq/log/run] owner changed to 0
[2023-12-02T14:17:42+00:00] INFO: template[/opt/gitlab/sv/sidekiq/log/run] group changed to 0
[2023-12-02T14:17:42+00:00] INFO: template[/opt/gitlab/sv/sidekiq/log/run] mode changed to 755
[2023-12-02T14:17:42+00:00] INFO: directory[/opt/gitlab/sv/sidekiq/env] created directory /opt/gitlab/sv/sidekiq/env
[2023-12-02T14:17:42+00:00] INFO: directory[/opt/gitlab/sv/sidekiq/env] owner changed to 0
[2023-12-02T14:17:42+00:00] INFO: directory[/opt/gitlab/sv/sidekiq/env] group changed to 0
[2023-12-02T14:17:42+00:00] INFO: directory[/opt/gitlab/sv/sidekiq/env] mode changed to 755
[2023-12-02T14:17:42+00:00] INFO: directory[/opt/gitlab/sv/sidekiq/control] created directory /opt/gitlab/sv/sidekiq/control
[2023-12-02T14:17:42+00:00] INFO: directory[/opt/gitlab/sv/sidekiq/control] owner changed to 0
[2023-12-02T14:17:42+00:00] INFO: directory[/opt/gitlab/sv/sidekiq/control] group changed to 0
[2023-12-02T14:17:42+00:00] INFO: directory[/opt/gitlab/sv/sidekiq/control] mode changed to 755
[2023-12-02T14:17:42+00:00] INFO: link[/opt/gitlab/init/sidekiq] created
[2023-12-02T14:17:42+00:00] INFO: template[/opt/gitlab/sv/sidekiq/run] sending run action to ruby_block[restart_service] (delayed)
[2023-12-02T14:17:42+00:00] INFO: template[/opt/gitlab/sv/sidekiq/log/config] sending create action to ruby_block[reload_log_service] (delayed)
[2023-12-02T14:17:42+00:00] INFO: link[/opt/gitlab/service/sidekiq] created
[2023-12-02T14:17:44+00:00] INFO: ruby_block[wait for sidekiq service socket] called
[2023-12-02T14:17:45+00:00] INFO: ruby_block[reload_log_service] called
[2023-12-02T14:17:45+00:00] INFO: template[/opt/gitlab/sv/sidekiq/log/run] sending run action to ruby_block[restart_log_service] (delayed)
[2023-12-02T14:17:46+00:00] INFO: ruby_block[restart_log_service] called
[2023-12-02T14:17:47+00:00] INFO: execute[/opt/gitlab/bin/gitlab-ctl start sidekiq] ran successfully
[2023-12-02T14:17:47+00:00] INFO: directory[/var/opt/gitlab/gitlab-workhorse] created directory /var/opt/gitlab/gitlab-workhorse
[2023-12-02T14:17:47+00:00] INFO: directory[/var/opt/gitlab/gitlab-workhorse] owner changed to 998
[2023-12-02T14:17:47+00:00] INFO: directory[/var/opt/gitlab/gitlab-workhorse] group changed to 999
[2023-12-02T14:17:47+00:00] INFO: directory[/var/opt/gitlab/gitlab-workhorse] mode changed to 750
[2023-12-02T14:17:47+00:00] INFO: directory[/var/opt/gitlab/gitlab-workhorse/sockets] created directory /var/opt/gitlab/gitlab-workhorse/sockets
[2023-12-02T14:17:47+00:00] INFO: directory[/var/opt/gitlab/gitlab-workhorse/sockets] owner changed to 998
[2023-12-02T14:17:47+00:00] INFO: directory[/var/opt/gitlab/gitlab-workhorse/sockets] group changed to 999
[2023-12-02T14:17:47+00:00] INFO: directory[/var/opt/gitlab/gitlab-workhorse/sockets] mode changed to 750
[2023-12-02T14:17:47+00:00] INFO: directory[/opt/gitlab/etc/gitlab-workhorse] created directory /opt/gitlab/etc/gitlab-workhorse
[2023-12-02T14:17:47+00:00] INFO: directory[/opt/gitlab/etc/gitlab-workhorse] owner changed to 998
[2023-12-02T14:17:47+00:00] INFO: directory[/opt/gitlab/etc/gitlab-workhorse] mode changed to 700
[2023-12-02T14:17:47+00:00] INFO: directory[/opt/gitlab/etc/gitlab-workhorse/env] created directory /opt/gitlab/etc/gitlab-workhorse/env
[2023-12-02T14:17:47+00:00] INFO: file[/opt/gitlab/etc/gitlab-workhorse/env/PATH] created file /opt/gitlab/etc/gitlab-workhorse/env/PATH
[2023-12-02T14:17:47+00:00] INFO: file[/opt/gitlab/etc/gitlab-workhorse/env/PATH] updated file contents /opt/gitlab/etc/gitlab-workhorse/env/PATH
[2023-12-02T14:17:47+00:00] INFO: file[/opt/gitlab/etc/gitlab-workhorse/env/HOME] created file /opt/gitlab/etc/gitlab-workhorse/env/HOME
[2023-12-02T14:17:47+00:00] INFO: file[/opt/gitlab/etc/gitlab-workhorse/env/HOME] updated file contents /opt/gitlab/etc/gitlab-workhorse/env/HOME
[2023-12-02T14:17:47+00:00] INFO: file[/opt/gitlab/etc/gitlab-workhorse/env/SSL_CERT_DIR] created file /opt/gitlab/etc/gitlab-workhorse/env/SSL_CERT_DIR
[2023-12-02T14:17:47+00:00] INFO: file[/opt/gitlab/etc/gitlab-workhorse/env/SSL_CERT_DIR] updated file contents /opt/gitlab/etc/gitlab-workhorse/env/SSL_CERT_DIR
[2023-12-02T14:17:47+00:00] INFO: env_dir[/opt/gitlab/etc/gitlab-workhorse/env] not queuing delayed action restart on runit_service[gitlab-workhorse] (delayed), as it's already been queued
[2023-12-02T14:17:47+00:00] INFO: directory[/opt/gitlab/sv/gitlab-workhorse] created directory /opt/gitlab/sv/gitlab-workhorse
[2023-12-02T14:17:47+00:00] INFO: directory[/opt/gitlab/sv/gitlab-workhorse] owner changed to 0
[2023-12-02T14:17:47+00:00] INFO: directory[/opt/gitlab/sv/gitlab-workhorse] group changed to 0
[2023-12-02T14:17:47+00:00] INFO: directory[/opt/gitlab/sv/gitlab-workhorse] mode changed to 755
[2023-12-02T14:17:47+00:00] INFO: template[/opt/gitlab/sv/gitlab-workhorse/run] created file /opt/gitlab/sv/gitlab-workhorse/run
[2023-12-02T14:17:47+00:00] INFO: template[/opt/gitlab/sv/gitlab-workhorse/run] updated file contents /opt/gitlab/sv/gitlab-workhorse/run
[2023-12-02T14:17:47+00:00] INFO: template[/opt/gitlab/sv/gitlab-workhorse/run] owner changed to 0
[2023-12-02T14:17:47+00:00] INFO: template[/opt/gitlab/sv/gitlab-workhorse/run] group changed to 0
[2023-12-02T14:17:47+00:00] INFO: template[/opt/gitlab/sv/gitlab-workhorse/run] mode changed to 755
[2023-12-02T14:17:47+00:00] INFO: directory[/opt/gitlab/sv/gitlab-workhorse/log] created directory /opt/gitlab/sv/gitlab-workhorse/log
[2023-12-02T14:17:47+00:00] INFO: directory[/opt/gitlab/sv/gitlab-workhorse/log] owner changed to 0
[2023-12-02T14:17:47+00:00] INFO: directory[/opt/gitlab/sv/gitlab-workhorse/log] group changed to 0
[2023-12-02T14:17:47+00:00] INFO: directory[/opt/gitlab/sv/gitlab-workhorse/log] mode changed to 755
[2023-12-02T14:17:47+00:00] INFO: directory[/opt/gitlab/sv/gitlab-workhorse/log/main] created directory /opt/gitlab/sv/gitlab-workhorse/log/main
[2023-12-02T14:17:47+00:00] INFO: directory[/opt/gitlab/sv/gitlab-workhorse/log/main] owner changed to 0
[2023-12-02T14:17:47+00:00] INFO: directory[/opt/gitlab/sv/gitlab-workhorse/log/main] group changed to 0
[2023-12-02T14:17:47+00:00] INFO: directory[/opt/gitlab/sv/gitlab-workhorse/log/main] mode changed to 755
[2023-12-02T14:17:47+00:00] INFO: template[/opt/gitlab/sv/gitlab-workhorse/log/config] created file /opt/gitlab/sv/gitlab-workhorse/log/config
[2023-12-02T14:17:47+00:00] INFO: template[/opt/gitlab/sv/gitlab-workhorse/log/config] updated file contents /opt/gitlab/sv/gitlab-workhorse/log/config
[2023-12-02T14:17:47+00:00] INFO: template[/opt/gitlab/sv/gitlab-workhorse/log/config] owner changed to 0
[2023-12-02T14:17:47+00:00] INFO: template[/opt/gitlab/sv/gitlab-workhorse/log/config] group changed to 0
[2023-12-02T14:17:47+00:00] INFO: template[/opt/gitlab/sv/gitlab-workhorse/log/config] mode changed to 644
[2023-12-02T14:17:47+00:00] INFO: template[/opt/gitlab/sv/gitlab-workhorse/log/config] sending create action to ruby_block[verify_chown_persisted_on_gitlab-workhorse] (immediate)
[2023-12-02T14:17:47+00:00] INFO: ruby_block[verify_chown_persisted_on_gitlab-workhorse] called
[2023-12-02T14:17:47+00:00] INFO: template[/opt/gitlab/sv/gitlab-workhorse/log/run] created file /opt/gitlab/sv/gitlab-workhorse/log/run
[2023-12-02T14:17:47+00:00] INFO: template[/opt/gitlab/sv/gitlab-workhorse/log/run] updated file contents /opt/gitlab/sv/gitlab-workhorse/log/run
[2023-12-02T14:17:47+00:00] INFO: template[/opt/gitlab/sv/gitlab-workhorse/log/run] owner changed to 0
[2023-12-02T14:17:47+00:00] INFO: template[/opt/gitlab/sv/gitlab-workhorse/log/run] group changed to 0
[2023-12-02T14:17:47+00:00] INFO: template[/opt/gitlab/sv/gitlab-workhorse/log/run] mode changed to 755
[2023-12-02T14:17:47+00:00] INFO: directory[/opt/gitlab/sv/gitlab-workhorse/env] created directory /opt/gitlab/sv/gitlab-workhorse/env
[2023-12-02T14:17:47+00:00] INFO: directory[/opt/gitlab/sv/gitlab-workhorse/env] owner changed to 0
[2023-12-02T14:17:47+00:00] INFO: directory[/opt/gitlab/sv/gitlab-workhorse/env] group changed to 0
[2023-12-02T14:17:47+00:00] INFO: directory[/opt/gitlab/sv/gitlab-workhorse/env] mode changed to 755
[2023-12-02T14:17:47+00:00] INFO: directory[/opt/gitlab/sv/gitlab-workhorse/control] created directory /opt/gitlab/sv/gitlab-workhorse/control
[2023-12-02T14:17:47+00:00] INFO: directory[/opt/gitlab/sv/gitlab-workhorse/control] owner changed to 0
[2023-12-02T14:17:47+00:00] INFO: directory[/opt/gitlab/sv/gitlab-workhorse/control] group changed to 0
[2023-12-02T14:17:47+00:00] INFO: directory[/opt/gitlab/sv/gitlab-workhorse/control] mode changed to 755
[2023-12-02T14:17:47+00:00] INFO: link[/opt/gitlab/init/gitlab-workhorse] created
[2023-12-02T14:17:47+00:00] INFO: template[/opt/gitlab/sv/gitlab-workhorse/run] sending run action to ruby_block[restart_service] (delayed)
[2023-12-02T14:17:47+00:00] INFO: template[/opt/gitlab/sv/gitlab-workhorse/log/config] sending create action to ruby_block[reload_log_service] (delayed)
[2023-12-02T14:17:47+00:00] INFO: link[/opt/gitlab/service/gitlab-workhorse] created
[2023-12-02T14:17:50+00:00] INFO: ruby_block[wait for gitlab-workhorse service socket] called
[2023-12-02T14:17:52+00:00] INFO: ruby_block[reload_log_service] called
[2023-12-02T14:17:52+00:00] INFO: template[/opt/gitlab/sv/gitlab-workhorse/log/run] sending run action to ruby_block[restart_log_service] (delayed)
[2023-12-02T14:17:53+00:00] INFO: ruby_block[restart_log_service] called
[2023-12-02T14:17:53+00:00] INFO: file[/var/opt/gitlab/gitlab-workhorse/VERSION] created file /var/opt/gitlab/gitlab-workhorse/VERSION
[2023-12-02T14:17:53+00:00] INFO: file[/var/opt/gitlab/gitlab-workhorse/VERSION] updated file contents /var/opt/gitlab/gitlab-workhorse/VERSION
[2023-12-02T14:17:53+00:00] INFO: version_file[Create version file for Workhorse] not queuing delayed action restart on runit_service[gitlab-workhorse] (delayed), as it's already been queued
[2023-12-02T14:17:53+00:00] INFO: template[/var/opt/gitlab/gitlab-workhorse/config.toml] created file /var/opt/gitlab/gitlab-workhorse/config.toml
[2023-12-02T14:17:53+00:00] INFO: template[/var/opt/gitlab/gitlab-workhorse/config.toml] updated file contents /var/opt/gitlab/gitlab-workhorse/config.toml
[2023-12-02T14:17:53+00:00] INFO: template[/var/opt/gitlab/gitlab-workhorse/config.toml] owner changed to 0
[2023-12-02T14:17:53+00:00] INFO: template[/var/opt/gitlab/gitlab-workhorse/config.toml] group changed to 998
[2023-12-02T14:17:53+00:00] INFO: template[/var/opt/gitlab/gitlab-workhorse/config.toml] mode changed to 640
[2023-12-02T14:17:53+00:00] INFO: template[/var/opt/gitlab/gitlab-workhorse/config.toml] not queuing delayed action restart on runit_service[gitlab-workhorse] (delayed), as it's already been queued
[2023-12-02T14:17:54+00:00] INFO: directory[/var/opt/gitlab/nginx] created directory /var/opt/gitlab/nginx
[2023-12-02T14:17:54+00:00] INFO: directory[/var/opt/gitlab/nginx] owner changed to 0
[2023-12-02T14:17:54+00:00] INFO: directory[/var/opt/gitlab/nginx] group changed to 999
[2023-12-02T14:17:54+00:00] INFO: directory[/var/opt/gitlab/nginx] mode changed to 750
[2023-12-02T14:17:54+00:00] INFO: directory[/var/opt/gitlab/nginx/conf] created directory /var/opt/gitlab/nginx/conf
[2023-12-02T14:17:54+00:00] INFO: directory[/var/opt/gitlab/nginx/conf] owner changed to 0
[2023-12-02T14:17:54+00:00] INFO: directory[/var/opt/gitlab/nginx/conf] group changed to 999
[2023-12-02T14:17:54+00:00] INFO: directory[/var/opt/gitlab/nginx/conf] mode changed to 750
[2023-12-02T14:17:54+00:00] INFO: link[/var/opt/gitlab/nginx/logs] created
[2023-12-02T14:17:54+00:00] INFO: template[/var/opt/gitlab/nginx/conf/gitlab-http.conf] created file /var/opt/gitlab/nginx/conf/gitlab-http.conf
[2023-12-02T14:17:54+00:00] INFO: template[/var/opt/gitlab/nginx/conf/gitlab-http.conf] updated file contents /var/opt/gitlab/nginx/conf/gitlab-http.conf
[2023-12-02T14:17:54+00:00] INFO: template[/var/opt/gitlab/nginx/conf/gitlab-http.conf] owner changed to 0
[2023-12-02T14:17:54+00:00] INFO: template[/var/opt/gitlab/nginx/conf/gitlab-http.conf] group changed to 0
[2023-12-02T14:17:54+00:00] INFO: template[/var/opt/gitlab/nginx/conf/gitlab-http.conf] mode changed to 644
[2023-12-02T14:17:54+00:00] INFO: template[/var/opt/gitlab/nginx/conf/gitlab-health.conf] created file /var/opt/gitlab/nginx/conf/gitlab-health.conf
[2023-12-02T14:17:54+00:00] INFO: template[/var/opt/gitlab/nginx/conf/gitlab-health.conf] updated file contents /var/opt/gitlab/nginx/conf/gitlab-health.conf
[2023-12-02T14:17:54+00:00] INFO: template[/var/opt/gitlab/nginx/conf/gitlab-health.conf] owner changed to 0
[2023-12-02T14:17:54+00:00] INFO: template[/var/opt/gitlab/nginx/conf/gitlab-health.conf] group changed to 0
[2023-12-02T14:17:54+00:00] INFO: template[/var/opt/gitlab/nginx/conf/gitlab-health.conf] mode changed to 644
[2023-12-02T14:17:54+00:00] INFO: template[/var/opt/gitlab/nginx/conf/nginx-status.conf] created file /var/opt/gitlab/nginx/conf/nginx-status.conf
[2023-12-02T14:17:54+00:00] INFO: template[/var/opt/gitlab/nginx/conf/nginx-status.conf] updated file contents /var/opt/gitlab/nginx/conf/nginx-status.conf
[2023-12-02T14:17:54+00:00] INFO: template[/var/opt/gitlab/nginx/conf/nginx-status.conf] owner changed to 0
[2023-12-02T14:17:54+00:00] INFO: template[/var/opt/gitlab/nginx/conf/nginx-status.conf] group changed to 0
[2023-12-02T14:17:54+00:00] INFO: template[/var/opt/gitlab/nginx/conf/nginx-status.conf] mode changed to 644
[2023-12-02T14:17:54+00:00] INFO: template[/var/opt/gitlab/nginx/conf/nginx.conf] created file /var/opt/gitlab/nginx/conf/nginx.conf
[2023-12-02T14:17:54+00:00] INFO: template[/var/opt/gitlab/nginx/conf/nginx.conf] updated file contents /var/opt/gitlab/nginx/conf/nginx.conf
[2023-12-02T14:17:54+00:00] INFO: template[/var/opt/gitlab/nginx/conf/nginx.conf] owner changed to 0
[2023-12-02T14:17:54+00:00] INFO: template[/var/opt/gitlab/nginx/conf/nginx.conf] group changed to 0
[2023-12-02T14:17:54+00:00] INFO: template[/var/opt/gitlab/nginx/conf/nginx.conf] mode changed to 644
[2023-12-02T14:17:54+00:00] INFO: directory[/opt/gitlab/sv/nginx] created directory /opt/gitlab/sv/nginx
[2023-12-02T14:17:54+00:00] INFO: directory[/opt/gitlab/sv/nginx] owner changed to 0
[2023-12-02T14:17:54+00:00] INFO: directory[/opt/gitlab/sv/nginx] group changed to 0
[2023-12-02T14:17:54+00:00] INFO: directory[/opt/gitlab/sv/nginx] mode changed to 755
[2023-12-02T14:17:54+00:00] INFO: template[/opt/gitlab/sv/nginx/run] created file /opt/gitlab/sv/nginx/run
[2023-12-02T14:17:54+00:00] INFO: template[/opt/gitlab/sv/nginx/run] updated file contents /opt/gitlab/sv/nginx/run
[2023-12-02T14:17:54+00:00] INFO: template[/opt/gitlab/sv/nginx/run] owner changed to 0
[2023-12-02T14:17:54+00:00] INFO: template[/opt/gitlab/sv/nginx/run] group changed to 0
[2023-12-02T14:17:54+00:00] INFO: template[/opt/gitlab/sv/nginx/run] mode changed to 755
[2023-12-02T14:17:54+00:00] INFO: directory[/opt/gitlab/sv/nginx/log] created directory /opt/gitlab/sv/nginx/log
[2023-12-02T14:17:54+00:00] INFO: directory[/opt/gitlab/sv/nginx/log] owner changed to 0
[2023-12-02T14:17:54+00:00] INFO: directory[/opt/gitlab/sv/nginx/log] group changed to 0
[2023-12-02T14:17:54+00:00] INFO: directory[/opt/gitlab/sv/nginx/log] mode changed to 755
[2023-12-02T14:17:54+00:00] INFO: directory[/opt/gitlab/sv/nginx/log/main] created directory /opt/gitlab/sv/nginx/log/main
[2023-12-02T14:17:54+00:00] INFO: directory[/opt/gitlab/sv/nginx/log/main] owner changed to 0
[2023-12-02T14:17:54+00:00] INFO: directory[/opt/gitlab/sv/nginx/log/main] group changed to 0
[2023-12-02T14:17:54+00:00] INFO: directory[/opt/gitlab/sv/nginx/log/main] mode changed to 755
[2023-12-02T14:17:54+00:00] INFO: template[/opt/gitlab/sv/nginx/log/config] created file /opt/gitlab/sv/nginx/log/config
[2023-12-02T14:17:54+00:00] INFO: template[/opt/gitlab/sv/nginx/log/config] updated file contents /opt/gitlab/sv/nginx/log/config
[2023-12-02T14:17:54+00:00] INFO: template[/opt/gitlab/sv/nginx/log/config] owner changed to 0
[2023-12-02T14:17:54+00:00] INFO: template[/opt/gitlab/sv/nginx/log/config] group changed to 0
[2023-12-02T14:17:54+00:00] INFO: template[/opt/gitlab/sv/nginx/log/config] mode changed to 644
[2023-12-02T14:17:54+00:00] INFO: template[/opt/gitlab/sv/nginx/log/config] sending create action to ruby_block[verify_chown_persisted_on_nginx] (immediate)
[2023-12-02T14:17:54+00:00] INFO: ruby_block[verify_chown_persisted_on_nginx] called
[2023-12-02T14:17:54+00:00] INFO: template[/opt/gitlab/sv/nginx/log/run] created file /opt/gitlab/sv/nginx/log/run
[2023-12-02T14:17:54+00:00] INFO: template[/opt/gitlab/sv/nginx/log/run] updated file contents /opt/gitlab/sv/nginx/log/run
[2023-12-02T14:17:54+00:00] INFO: template[/opt/gitlab/sv/nginx/log/run] owner changed to 0
[2023-12-02T14:17:54+00:00] INFO: template[/opt/gitlab/sv/nginx/log/run] group changed to 0
[2023-12-02T14:17:54+00:00] INFO: template[/opt/gitlab/sv/nginx/log/run] mode changed to 755
[2023-12-02T14:17:54+00:00] INFO: directory[/opt/gitlab/sv/nginx/env] created directory /opt/gitlab/sv/nginx/env
[2023-12-02T14:17:54+00:00] INFO: directory[/opt/gitlab/sv/nginx/env] owner changed to 0
[2023-12-02T14:17:54+00:00] INFO: directory[/opt/gitlab/sv/nginx/env] group changed to 0
[2023-12-02T14:17:54+00:00] INFO: directory[/opt/gitlab/sv/nginx/env] mode changed to 755
[2023-12-02T14:17:54+00:00] INFO: directory[/opt/gitlab/sv/nginx/control] created directory /opt/gitlab/sv/nginx/control
[2023-12-02T14:17:54+00:00] INFO: directory[/opt/gitlab/sv/nginx/control] owner changed to 0
[2023-12-02T14:17:54+00:00] INFO: directory[/opt/gitlab/sv/nginx/control] group changed to 0
[2023-12-02T14:17:54+00:00] INFO: directory[/opt/gitlab/sv/nginx/control] mode changed to 755
[2023-12-02T14:17:54+00:00] INFO: link[/opt/gitlab/init/nginx] created
[2023-12-02T14:17:54+00:00] INFO: template[/opt/gitlab/sv/nginx/run] sending run action to ruby_block[restart_service] (delayed)
[2023-12-02T14:17:54+00:00] INFO: template[/opt/gitlab/sv/nginx/log/config] sending create action to ruby_block[reload_log_service] (delayed)
[2023-12-02T14:17:54+00:00] INFO: link[/opt/gitlab/service/nginx] created
[2023-12-02T14:17:57+00:00] INFO: ruby_block[wait for nginx service socket] called
[2023-12-02T14:17:57+00:00] INFO: ruby_block[reload_log_service] called
[2023-12-02T14:17:57+00:00] INFO: template[/opt/gitlab/sv/nginx/log/run] sending run action to ruby_block[restart_log_service] (delayed)
[2023-12-02T14:17:59+00:00] INFO: ruby_block[restart_log_service] called
[2023-12-02T14:17:59+00:00] INFO: file[/var/opt/gitlab/nginx/VERSION] created file /var/opt/gitlab/nginx/VERSION
[2023-12-02T14:17:59+00:00] INFO: file[/var/opt/gitlab/nginx/VERSION] updated file contents /var/opt/gitlab/nginx/VERSION
[2023-12-02T14:18:00+00:00] INFO: execute[/opt/gitlab/bin/gitlab-ctl start nginx] ran successfully
[2023-12-02T14:18:00+00:00] INFO: file[/var/opt/gitlab/bootstrapped] created file /var/opt/gitlab/bootstrapped
[2023-12-02T14:18:00+00:00] INFO: file[/var/opt/gitlab/bootstrapped] updated file contents /var/opt/gitlab/bootstrapped
[2023-12-02T14:18:00+00:00] INFO: file[/var/opt/gitlab/bootstrapped] owner changed to 0
[2023-12-02T14:18:00+00:00] INFO: file[/var/opt/gitlab/bootstrapped] group changed to 0
[2023-12-02T14:18:00+00:00] INFO: file[/var/opt/gitlab/bootstrapped] mode changed to 600
[2023-12-02T14:18:00+00:00] INFO: template[/opt/gitlab/etc/gitlab-healthcheck-rc] created file /opt/gitlab/etc/gitlab-healthcheck-rc
[2023-12-02T14:18:00+00:00] INFO: template[/opt/gitlab/etc/gitlab-healthcheck-rc] updated file contents /opt/gitlab/etc/gitlab-healthcheck-rc
[2023-12-02T14:18:00+00:00] INFO: template[/opt/gitlab/etc/gitlab-healthcheck-rc] owner changed to 0
[2023-12-02T14:18:00+00:00] INFO: template[/opt/gitlab/etc/gitlab-healthcheck-rc] group changed to 0
[2023-12-02T14:18:00+00:00] INFO: directory[/var/opt/gitlab/gitlab-exporter] created directory /var/opt/gitlab/gitlab-exporter
[2023-12-02T14:18:00+00:00] INFO: directory[/var/opt/gitlab/gitlab-exporter] owner changed to 998
[2023-12-02T14:18:00+00:00] INFO: directory[/var/opt/gitlab/gitlab-exporter] mode changed to 755
[2023-12-02T14:18:00+00:00] INFO: directory[/opt/gitlab/etc/gitlab-exporter/env] created directory /opt/gitlab/etc/gitlab-exporter/env
[2023-12-02T14:18:00+00:00] INFO: file[/opt/gitlab/etc/gitlab-exporter/env/MALLOC_CONF] created file /opt/gitlab/etc/gitlab-exporter/env/MALLOC_CONF
[2023-12-02T14:18:00+00:00] INFO: file[/opt/gitlab/etc/gitlab-exporter/env/MALLOC_CONF] updated file contents /opt/gitlab/etc/gitlab-exporter/env/MALLOC_CONF
[2023-12-02T14:18:00+00:00] INFO: file[/opt/gitlab/etc/gitlab-exporter/env/RUBY_GC_HEAP_INIT_SLOTS] created file /opt/gitlab/etc/gitlab-exporter/env/RUBY_GC_HEAP_INIT_SLOTS
[2023-12-02T14:18:00+00:00] INFO: file[/opt/gitlab/etc/gitlab-exporter/env/RUBY_GC_HEAP_INIT_SLOTS] updated file contents /opt/gitlab/etc/gitlab-exporter/env/RUBY_GC_HEAP_INIT_SLOTS
[2023-12-02T14:18:00+00:00] INFO: file[/opt/gitlab/etc/gitlab-exporter/env/RUBY_GC_HEAP_FREE_SLOTS_MIN_RATIO] created file /opt/gitlab/etc/gitlab-exporter/env/RUBY_GC_HEAP_FREE_SLOTS_MIN_RATIO
[2023-12-02T14:18:00+00:00] INFO: file[/opt/gitlab/etc/gitlab-exporter/env/RUBY_GC_HEAP_FREE_SLOTS_MIN_RATIO] updated file contents /opt/gitlab/etc/gitlab-exporter/env/RUBY_GC_HEAP_FREE_SLOTS_MIN_RATIO
[2023-12-02T14:18:00+00:00] INFO: file[/opt/gitlab/etc/gitlab-exporter/env/RUBY_GC_HEAP_FREE_SLOTS_MAX_RATIO] created file /opt/gitlab/etc/gitlab-exporter/env/RUBY_GC_HEAP_FREE_SLOTS_MAX_RATIO
[2023-12-02T14:18:00+00:00] INFO: file[/opt/gitlab/etc/gitlab-exporter/env/RUBY_GC_HEAP_FREE_SLOTS_MAX_RATIO] updated file contents /opt/gitlab/etc/gitlab-exporter/env/RUBY_GC_HEAP_FREE_SLOTS_MAX_RATIO
[2023-12-02T14:18:00+00:00] INFO: file[/opt/gitlab/etc/gitlab-exporter/env/SSL_CERT_DIR] created file /opt/gitlab/etc/gitlab-exporter/env/SSL_CERT_DIR
[2023-12-02T14:18:00+00:00] INFO: file[/opt/gitlab/etc/gitlab-exporter/env/SSL_CERT_DIR] updated file contents /opt/gitlab/etc/gitlab-exporter/env/SSL_CERT_DIR
[2023-12-02T14:18:00+00:00] INFO: file[/opt/gitlab/etc/gitlab-exporter/env/SSL_CERT_FILE] created file /opt/gitlab/etc/gitlab-exporter/env/SSL_CERT_FILE
[2023-12-02T14:18:00+00:00] INFO: file[/opt/gitlab/etc/gitlab-exporter/env/SSL_CERT_FILE] updated file contents /opt/gitlab/etc/gitlab-exporter/env/SSL_CERT_FILE
[2023-12-02T14:18:00+00:00] INFO: template[/var/opt/gitlab/gitlab-exporter/gitlab-exporter.yml] created file /var/opt/gitlab/gitlab-exporter/gitlab-exporter.yml
[2023-12-02T14:18:00+00:00] INFO: template[/var/opt/gitlab/gitlab-exporter/gitlab-exporter.yml] updated file contents /var/opt/gitlab/gitlab-exporter/gitlab-exporter.yml
[2023-12-02T14:18:00+00:00] INFO: template[/var/opt/gitlab/gitlab-exporter/gitlab-exporter.yml] owner changed to 998
[2023-12-02T14:18:00+00:00] INFO: template[/var/opt/gitlab/gitlab-exporter/gitlab-exporter.yml] mode changed to 600
[2023-12-02T14:18:00+00:00] INFO: template[/var/opt/gitlab/gitlab-exporter/gitlab-exporter.yml] not queuing delayed action restart on runit_service[gitlab-exporter] (delayed), as it's already been queued
[2023-12-02T14:18:01+00:00] INFO: file[/var/opt/gitlab/gitlab-exporter/RUBY_VERSION] created file /var/opt/gitlab/gitlab-exporter/RUBY_VERSION
[2023-12-02T14:18:01+00:00] INFO: file[/var/opt/gitlab/gitlab-exporter/RUBY_VERSION] updated file contents /var/opt/gitlab/gitlab-exporter/RUBY_VERSION
[2023-12-02T14:18:01+00:00] INFO: version_file[Create version file for GitLab-Exporter] not queuing delayed action restart on runit_service[gitlab-exporter] (delayed), as it's already been queued
[2023-12-02T14:18:01+00:00] INFO: directory[/opt/gitlab/sv/gitlab-exporter] created directory /opt/gitlab/sv/gitlab-exporter
[2023-12-02T14:18:01+00:00] INFO: directory[/opt/gitlab/sv/gitlab-exporter] owner changed to 0
[2023-12-02T14:18:01+00:00] INFO: directory[/opt/gitlab/sv/gitlab-exporter] group changed to 0
[2023-12-02T14:18:01+00:00] INFO: directory[/opt/gitlab/sv/gitlab-exporter] mode changed to 755
[2023-12-02T14:18:01+00:00] INFO: template[/opt/gitlab/sv/gitlab-exporter/run] created file /opt/gitlab/sv/gitlab-exporter/run
[2023-12-02T14:18:01+00:00] INFO: template[/opt/gitlab/sv/gitlab-exporter/run] updated file contents /opt/gitlab/sv/gitlab-exporter/run
[2023-12-02T14:18:01+00:00] INFO: template[/opt/gitlab/sv/gitlab-exporter/run] owner changed to 0
[2023-12-02T14:18:01+00:00] INFO: template[/opt/gitlab/sv/gitlab-exporter/run] group changed to 0
[2023-12-02T14:18:01+00:00] INFO: template[/opt/gitlab/sv/gitlab-exporter/run] mode changed to 755
[2023-12-02T14:18:01+00:00] INFO: directory[/opt/gitlab/sv/gitlab-exporter/log] created directory /opt/gitlab/sv/gitlab-exporter/log
[2023-12-02T14:18:01+00:00] INFO: directory[/opt/gitlab/sv/gitlab-exporter/log] owner changed to 0
[2023-12-02T14:18:01+00:00] INFO: directory[/opt/gitlab/sv/gitlab-exporter/log] group changed to 0
[2023-12-02T14:18:01+00:00] INFO: directory[/opt/gitlab/sv/gitlab-exporter/log] mode changed to 755
[2023-12-02T14:18:01+00:00] INFO: directory[/opt/gitlab/sv/gitlab-exporter/log/main] created directory /opt/gitlab/sv/gitlab-exporter/log/main
[2023-12-02T14:18:01+00:00] INFO: directory[/opt/gitlab/sv/gitlab-exporter/log/main] owner changed to 0
[2023-12-02T14:18:01+00:00] INFO: directory[/opt/gitlab/sv/gitlab-exporter/log/main] group changed to 0
[2023-12-02T14:18:01+00:00] INFO: directory[/opt/gitlab/sv/gitlab-exporter/log/main] mode changed to 755
[2023-12-02T14:18:01+00:00] INFO: template[/opt/gitlab/sv/gitlab-exporter/log/config] created file /opt/gitlab/sv/gitlab-exporter/log/config
[2023-12-02T14:18:01+00:00] INFO: template[/opt/gitlab/sv/gitlab-exporter/log/config] updated file contents /opt/gitlab/sv/gitlab-exporter/log/config
[2023-12-02T14:18:01+00:00] INFO: template[/opt/gitlab/sv/gitlab-exporter/log/config] owner changed to 0
[2023-12-02T14:18:01+00:00] INFO: template[/opt/gitlab/sv/gitlab-exporter/log/config] group changed to 0
[2023-12-02T14:18:01+00:00] INFO: template[/opt/gitlab/sv/gitlab-exporter/log/config] mode changed to 644
[2023-12-02T14:18:01+00:00] INFO: template[/opt/gitlab/sv/gitlab-exporter/log/config] sending create action to ruby_block[verify_chown_persisted_on_gitlab-exporter] (immediate)
[2023-12-02T14:18:01+00:00] INFO: ruby_block[verify_chown_persisted_on_gitlab-exporter] called
[2023-12-02T14:18:01+00:00] INFO: template[/opt/gitlab/sv/gitlab-exporter/log/run] created file /opt/gitlab/sv/gitlab-exporter/log/run
[2023-12-02T14:18:01+00:00] INFO: template[/opt/gitlab/sv/gitlab-exporter/log/run] updated file contents /opt/gitlab/sv/gitlab-exporter/log/run
[2023-12-02T14:18:01+00:00] INFO: template[/opt/gitlab/sv/gitlab-exporter/log/run] owner changed to 0
[2023-12-02T14:18:01+00:00] INFO: template[/opt/gitlab/sv/gitlab-exporter/log/run] group changed to 0
[2023-12-02T14:18:01+00:00] INFO: template[/opt/gitlab/sv/gitlab-exporter/log/run] mode changed to 755
[2023-12-02T14:18:01+00:00] INFO: directory[/opt/gitlab/sv/gitlab-exporter/env] created directory /opt/gitlab/sv/gitlab-exporter/env
[2023-12-02T14:18:01+00:00] INFO: directory[/opt/gitlab/sv/gitlab-exporter/env] owner changed to 0
[2023-12-02T14:18:01+00:00] INFO: directory[/opt/gitlab/sv/gitlab-exporter/env] group changed to 0
[2023-12-02T14:18:01+00:00] INFO: directory[/opt/gitlab/sv/gitlab-exporter/env] mode changed to 755
[2023-12-02T14:18:01+00:00] INFO: directory[/opt/gitlab/sv/gitlab-exporter/control] created directory /opt/gitlab/sv/gitlab-exporter/control
[2023-12-02T14:18:01+00:00] INFO: directory[/opt/gitlab/sv/gitlab-exporter/control] owner changed to 0
[2023-12-02T14:18:01+00:00] INFO: directory[/opt/gitlab/sv/gitlab-exporter/control] group changed to 0
[2023-12-02T14:18:01+00:00] INFO: directory[/opt/gitlab/sv/gitlab-exporter/control] mode changed to 755
[2023-12-02T14:18:01+00:00] INFO: link[/opt/gitlab/init/gitlab-exporter] created
[2023-12-02T14:18:01+00:00] INFO: template[/opt/gitlab/sv/gitlab-exporter/run] sending run action to ruby_block[restart_service] (delayed)
[2023-12-02T14:18:01+00:00] INFO: template[/opt/gitlab/sv/gitlab-exporter/log/config] sending create action to ruby_block[reload_log_service] (delayed)
[2023-12-02T14:18:01+00:00] INFO: link[/opt/gitlab/service/gitlab-exporter] created
[2023-12-02T14:18:03+00:00] INFO: ruby_block[wait for gitlab-exporter service socket] called
[2023-12-02T14:18:05+00:00] INFO: ruby_block[reload_log_service] called
[2023-12-02T14:18:05+00:00] INFO: template[/opt/gitlab/sv/gitlab-exporter/log/run] sending run action to ruby_block[restart_log_service] (delayed)
[2023-12-02T14:18:06+00:00] INFO: ruby_block[restart_log_service] called
[2023-12-02T14:18:07+00:00] INFO: execute[/opt/gitlab/bin/gitlab-ctl start gitlab-exporter] ran successfully
[2023-12-02T14:18:07+00:00] INFO: directory[/opt/gitlab/etc/redis-exporter/env] created directory /opt/gitlab/etc/redis-exporter/env
[2023-12-02T14:18:07+00:00] INFO: directory[/opt/gitlab/etc/redis-exporter/env] owner changed to 997
[2023-12-02T14:18:07+00:00] INFO: directory[/opt/gitlab/etc/redis-exporter/env] mode changed to 700
[2023-12-02T14:18:07+00:00] INFO: file[/opt/gitlab/etc/redis-exporter/env/SSL_CERT_DIR] created file /opt/gitlab/etc/redis-exporter/env/SSL_CERT_DIR
[2023-12-02T14:18:07+00:00] INFO: file[/opt/gitlab/etc/redis-exporter/env/SSL_CERT_DIR] updated file contents /opt/gitlab/etc/redis-exporter/env/SSL_CERT_DIR
[2023-12-02T14:18:07+00:00] INFO: directory[/opt/gitlab/sv/redis-exporter] created directory /opt/gitlab/sv/redis-exporter
[2023-12-02T14:18:07+00:00] INFO: directory[/opt/gitlab/sv/redis-exporter] owner changed to 0
[2023-12-02T14:18:07+00:00] INFO: directory[/opt/gitlab/sv/redis-exporter] group changed to 0
[2023-12-02T14:18:07+00:00] INFO: directory[/opt/gitlab/sv/redis-exporter] mode changed to 755
[2023-12-02T14:18:07+00:00] INFO: template[/opt/gitlab/sv/redis-exporter/run] created file /opt/gitlab/sv/redis-exporter/run
[2023-12-02T14:18:07+00:00] INFO: template[/opt/gitlab/sv/redis-exporter/run] updated file contents /opt/gitlab/sv/redis-exporter/run
[2023-12-02T14:18:07+00:00] INFO: template[/opt/gitlab/sv/redis-exporter/run] owner changed to 0
[2023-12-02T14:18:07+00:00] INFO: template[/opt/gitlab/sv/redis-exporter/run] group changed to 0
[2023-12-02T14:18:07+00:00] INFO: template[/opt/gitlab/sv/redis-exporter/run] mode changed to 755
[2023-12-02T14:18:07+00:00] INFO: directory[/opt/gitlab/sv/redis-exporter/log] created directory /opt/gitlab/sv/redis-exporter/log
[2023-12-02T14:18:07+00:00] INFO: directory[/opt/gitlab/sv/redis-exporter/log] owner changed to 0
[2023-12-02T14:18:07+00:00] INFO: directory[/opt/gitlab/sv/redis-exporter/log] group changed to 0
[2023-12-02T14:18:07+00:00] INFO: directory[/opt/gitlab/sv/redis-exporter/log] mode changed to 755
[2023-12-02T14:18:07+00:00] INFO: directory[/opt/gitlab/sv/redis-exporter/log/main] created directory /opt/gitlab/sv/redis-exporter/log/main
[2023-12-02T14:18:07+00:00] INFO: directory[/opt/gitlab/sv/redis-exporter/log/main] owner changed to 0
[2023-12-02T14:18:07+00:00] INFO: directory[/opt/gitlab/sv/redis-exporter/log/main] group changed to 0
[2023-12-02T14:18:07+00:00] INFO: directory[/opt/gitlab/sv/redis-exporter/log/main] mode changed to 755
[2023-12-02T14:18:07+00:00] INFO: template[/opt/gitlab/sv/redis-exporter/log/config] created file /opt/gitlab/sv/redis-exporter/log/config
[2023-12-02T14:18:07+00:00] INFO: template[/opt/gitlab/sv/redis-exporter/log/config] updated file contents /opt/gitlab/sv/redis-exporter/log/config
[2023-12-02T14:18:07+00:00] INFO: template[/opt/gitlab/sv/redis-exporter/log/config] owner changed to 0
[2023-12-02T14:18:07+00:00] INFO: template[/opt/gitlab/sv/redis-exporter/log/config] group changed to 0
[2023-12-02T14:18:07+00:00] INFO: template[/opt/gitlab/sv/redis-exporter/log/config] mode changed to 644
[2023-12-02T14:18:07+00:00] INFO: template[/opt/gitlab/sv/redis-exporter/log/config] sending create action to ruby_block[verify_chown_persisted_on_redis-exporter] (immediate)
[2023-12-02T14:18:07+00:00] INFO: ruby_block[verify_chown_persisted_on_redis-exporter] called
[2023-12-02T14:18:07+00:00] INFO: template[/opt/gitlab/sv/redis-exporter/log/run] created file /opt/gitlab/sv/redis-exporter/log/run
[2023-12-02T14:18:07+00:00] INFO: template[/opt/gitlab/sv/redis-exporter/log/run] updated file contents /opt/gitlab/sv/redis-exporter/log/run
[2023-12-02T14:18:07+00:00] INFO: template[/opt/gitlab/sv/redis-exporter/log/run] owner changed to 0
[2023-12-02T14:18:07+00:00] INFO: template[/opt/gitlab/sv/redis-exporter/log/run] group changed to 0
[2023-12-02T14:18:07+00:00] INFO: template[/opt/gitlab/sv/redis-exporter/log/run] mode changed to 755
[2023-12-02T14:18:07+00:00] INFO: directory[/opt/gitlab/sv/redis-exporter/env] created directory /opt/gitlab/sv/redis-exporter/env
[2023-12-02T14:18:07+00:00] INFO: directory[/opt/gitlab/sv/redis-exporter/env] owner changed to 0
[2023-12-02T14:18:07+00:00] INFO: directory[/opt/gitlab/sv/redis-exporter/env] group changed to 0
[2023-12-02T14:18:07+00:00] INFO: directory[/opt/gitlab/sv/redis-exporter/env] mode changed to 755
[2023-12-02T14:18:07+00:00] INFO: directory[/opt/gitlab/sv/redis-exporter/control] created directory /opt/gitlab/sv/redis-exporter/control
[2023-12-02T14:18:07+00:00] INFO: directory[/opt/gitlab/sv/redis-exporter/control] owner changed to 0
[2023-12-02T14:18:07+00:00] INFO: directory[/opt/gitlab/sv/redis-exporter/control] group changed to 0
[2023-12-02T14:18:07+00:00] INFO: directory[/opt/gitlab/sv/redis-exporter/control] mode changed to 755
[2023-12-02T14:18:07+00:00] INFO: link[/opt/gitlab/init/redis-exporter] created
[2023-12-02T14:18:07+00:00] INFO: template[/opt/gitlab/sv/redis-exporter/run] sending run action to ruby_block[restart_service] (delayed)
[2023-12-02T14:18:07+00:00] INFO: template[/opt/gitlab/sv/redis-exporter/log/config] sending create action to ruby_block[reload_log_service] (delayed)
[2023-12-02T14:18:08+00:00] INFO: link[/opt/gitlab/service/redis-exporter] created
[2023-12-02T14:18:10+00:00] INFO: ruby_block[wait for redis-exporter service socket] called
[2023-12-02T14:18:11+00:00] INFO: ruby_block[reload_log_service] called
[2023-12-02T14:18:11+00:00] INFO: template[/opt/gitlab/sv/redis-exporter/log/run] sending run action to ruby_block[restart_log_service] (delayed)
[2023-12-02T14:18:11+00:00] INFO: ruby_block[restart_log_service] called
[2023-12-02T14:18:12+00:00] INFO: execute[/opt/gitlab/bin/gitlab-ctl start redis-exporter] ran successfully
[2023-12-02T14:18:12+00:00] INFO: directory[/var/opt/gitlab/prometheus] created directory /var/opt/gitlab/prometheus
[2023-12-02T14:18:12+00:00] INFO: directory[/var/opt/gitlab/prometheus] owner changed to 992
[2023-12-02T14:18:12+00:00] INFO: directory[/var/opt/gitlab/prometheus] mode changed to 750
[2023-12-02T14:18:12+00:00] INFO: directory[/var/opt/gitlab/prometheus/rules] created directory /var/opt/gitlab/prometheus/rules
[2023-12-02T14:18:12+00:00] INFO: directory[/var/opt/gitlab/prometheus/rules] owner changed to 992
[2023-12-02T14:18:12+00:00] INFO: directory[/var/opt/gitlab/prometheus/rules] mode changed to 750
[2023-12-02T14:18:12+00:00] INFO: directory[/opt/gitlab/etc/prometheus/env] created directory /opt/gitlab/etc/prometheus/env
[2023-12-02T14:18:12+00:00] INFO: directory[/opt/gitlab/etc/prometheus/env] owner changed to 992
[2023-12-02T14:18:12+00:00] INFO: directory[/opt/gitlab/etc/prometheus/env] mode changed to 700
[2023-12-02T14:18:12+00:00] INFO: file[/opt/gitlab/etc/prometheus/env/SSL_CERT_DIR] created file /opt/gitlab/etc/prometheus/env/SSL_CERT_DIR
[2023-12-02T14:18:12+00:00] INFO: file[/opt/gitlab/etc/prometheus/env/SSL_CERT_DIR] updated file contents /opt/gitlab/etc/prometheus/env/SSL_CERT_DIR
[2023-12-02T14:18:12+00:00] INFO: file[Prometheus config] created file /var/opt/gitlab/prometheus/prometheus.yml
[2023-12-02T14:18:12+00:00] INFO: file[Prometheus config] updated file contents /var/opt/gitlab/prometheus/prometheus.yml
[2023-12-02T14:18:12+00:00] INFO: file[Prometheus config] owner changed to 992
[2023-12-02T14:18:12+00:00] INFO: file[Prometheus config] mode changed to 644
[2023-12-02T14:18:12+00:00] INFO: directory[/opt/gitlab/sv/prometheus] created directory /opt/gitlab/sv/prometheus
[2023-12-02T14:18:12+00:00] INFO: directory[/opt/gitlab/sv/prometheus] owner changed to 0
[2023-12-02T14:18:12+00:00] INFO: directory[/opt/gitlab/sv/prometheus] group changed to 0
[2023-12-02T14:18:12+00:00] INFO: directory[/opt/gitlab/sv/prometheus] mode changed to 755
[2023-12-02T14:18:12+00:00] INFO: template[/opt/gitlab/sv/prometheus/run] created file /opt/gitlab/sv/prometheus/run
[2023-12-02T14:18:12+00:00] INFO: template[/opt/gitlab/sv/prometheus/run] updated file contents /opt/gitlab/sv/prometheus/run
[2023-12-02T14:18:12+00:00] INFO: template[/opt/gitlab/sv/prometheus/run] owner changed to 0
[2023-12-02T14:18:12+00:00] INFO: template[/opt/gitlab/sv/prometheus/run] group changed to 0
[2023-12-02T14:18:12+00:00] INFO: template[/opt/gitlab/sv/prometheus/run] mode changed to 755
[2023-12-02T14:18:12+00:00] INFO: directory[/opt/gitlab/sv/prometheus/log] created directory /opt/gitlab/sv/prometheus/log
[2023-12-02T14:18:12+00:00] INFO: directory[/opt/gitlab/sv/prometheus/log] owner changed to 0
[2023-12-02T14:18:12+00:00] INFO: directory[/opt/gitlab/sv/prometheus/log] group changed to 0
[2023-12-02T14:18:12+00:00] INFO: directory[/opt/gitlab/sv/prometheus/log] mode changed to 755
[2023-12-02T14:18:12+00:00] INFO: directory[/opt/gitlab/sv/prometheus/log/main] created directory /opt/gitlab/sv/prometheus/log/main
[2023-12-02T14:18:12+00:00] INFO: directory[/opt/gitlab/sv/prometheus/log/main] owner changed to 0
[2023-12-02T14:18:12+00:00] INFO: directory[/opt/gitlab/sv/prometheus/log/main] group changed to 0
[2023-12-02T14:18:12+00:00] INFO: directory[/opt/gitlab/sv/prometheus/log/main] mode changed to 755
[2023-12-02T14:18:12+00:00] INFO: template[/opt/gitlab/sv/prometheus/log/config] created file /opt/gitlab/sv/prometheus/log/config
[2023-12-02T14:18:12+00:00] INFO: template[/opt/gitlab/sv/prometheus/log/config] updated file contents /opt/gitlab/sv/prometheus/log/config
[2023-12-02T14:18:12+00:00] INFO: template[/opt/gitlab/sv/prometheus/log/config] owner changed to 0
[2023-12-02T14:18:12+00:00] INFO: template[/opt/gitlab/sv/prometheus/log/config] group changed to 0
[2023-12-02T14:18:12+00:00] INFO: template[/opt/gitlab/sv/prometheus/log/config] mode changed to 644
[2023-12-02T14:18:12+00:00] INFO: template[/opt/gitlab/sv/prometheus/log/config] sending create action to ruby_block[verify_chown_persisted_on_prometheus] (immediate)
[2023-12-02T14:18:12+00:00] INFO: ruby_block[verify_chown_persisted_on_prometheus] called
[2023-12-02T14:18:12+00:00] INFO: template[/opt/gitlab/sv/prometheus/log/run] created file /opt/gitlab/sv/prometheus/log/run
[2023-12-02T14:18:12+00:00] INFO: template[/opt/gitlab/sv/prometheus/log/run] updated file contents /opt/gitlab/sv/prometheus/log/run
[2023-12-02T14:18:12+00:00] INFO: template[/opt/gitlab/sv/prometheus/log/run] owner changed to 0
[2023-12-02T14:18:12+00:00] INFO: template[/opt/gitlab/sv/prometheus/log/run] group changed to 0
[2023-12-02T14:18:12+00:00] INFO: template[/opt/gitlab/sv/prometheus/log/run] mode changed to 755
[2023-12-02T14:18:12+00:00] INFO: directory[/opt/gitlab/sv/prometheus/env] created directory /opt/gitlab/sv/prometheus/env
[2023-12-02T14:18:12+00:00] INFO: directory[/opt/gitlab/sv/prometheus/env] owner changed to 0
[2023-12-02T14:18:12+00:00] INFO: directory[/opt/gitlab/sv/prometheus/env] group changed to 0
[2023-12-02T14:18:12+00:00] INFO: directory[/opt/gitlab/sv/prometheus/env] mode changed to 755
[2023-12-02T14:18:12+00:00] INFO: directory[/opt/gitlab/sv/prometheus/control] created directory /opt/gitlab/sv/prometheus/control
[2023-12-02T14:18:12+00:00] INFO: directory[/opt/gitlab/sv/prometheus/control] owner changed to 0
[2023-12-02T14:18:12+00:00] INFO: directory[/opt/gitlab/sv/prometheus/control] group changed to 0
[2023-12-02T14:18:12+00:00] INFO: directory[/opt/gitlab/sv/prometheus/control] mode changed to 755
[2023-12-02T14:18:12+00:00] INFO: link[/opt/gitlab/init/prometheus] created
[2023-12-02T14:18:12+00:00] INFO: template[/opt/gitlab/sv/prometheus/run] sending run action to ruby_block[restart_service] (delayed)
[2023-12-02T14:18:12+00:00] INFO: template[/opt/gitlab/sv/prometheus/log/config] sending create action to ruby_block[reload_log_service] (delayed)
[2023-12-02T14:18:12+00:00] INFO: link[/opt/gitlab/service/prometheus] created
[2023-12-02T14:18:16+00:00] INFO: ruby_block[wait for prometheus service socket] called
[2023-12-02T14:18:17+00:00] INFO: ruby_block[reload_log_service] called
[2023-12-02T14:18:17+00:00] INFO: template[/opt/gitlab/sv/prometheus/log/run] sending run action to ruby_block[restart_log_service] (delayed)
[2023-12-02T14:18:18+00:00] INFO: ruby_block[restart_log_service] called
[2023-12-02T14:18:19+00:00] INFO: execute[/opt/gitlab/bin/gitlab-ctl start prometheus] ran successfully
[2023-12-02T14:18:19+00:00] INFO: template[/var/opt/gitlab/prometheus/rules/gitlab.rules] created file /var/opt/gitlab/prometheus/rules/gitlab.rules
[2023-12-02T14:18:19+00:00] INFO: template[/var/opt/gitlab/prometheus/rules/gitlab.rules] updated file contents /var/opt/gitlab/prometheus/rules/gitlab.rules
[2023-12-02T14:18:19+00:00] INFO: template[/var/opt/gitlab/prometheus/rules/gitlab.rules] owner changed to 992
[2023-12-02T14:18:19+00:00] INFO: template[/var/opt/gitlab/prometheus/rules/gitlab.rules] mode changed to 644
[2023-12-02T14:18:19+00:00] INFO: template[/var/opt/gitlab/prometheus/rules/gitlab.rules] not queuing delayed action run on execute[reload prometheus] (delayed), as it's already been queued
[2023-12-02T14:18:19+00:00] INFO: template[/var/opt/gitlab/prometheus/rules/node.rules] created file /var/opt/gitlab/prometheus/rules/node.rules
[2023-12-02T14:18:19+00:00] INFO: template[/var/opt/gitlab/prometheus/rules/node.rules] updated file contents /var/opt/gitlab/prometheus/rules/node.rules
[2023-12-02T14:18:19+00:00] INFO: template[/var/opt/gitlab/prometheus/rules/node.rules] owner changed to 992
[2023-12-02T14:18:19+00:00] INFO: template[/var/opt/gitlab/prometheus/rules/node.rules] mode changed to 644
[2023-12-02T14:18:19+00:00] INFO: template[/var/opt/gitlab/prometheus/rules/node.rules] not queuing delayed action run on execute[reload prometheus] (delayed), as it's already been queued
[2023-12-02T14:18:19+00:00] INFO: directory[/var/opt/gitlab/alertmanager] created directory /var/opt/gitlab/alertmanager
[2023-12-02T14:18:19+00:00] INFO: directory[/var/opt/gitlab/alertmanager] owner changed to 992
[2023-12-02T14:18:19+00:00] INFO: directory[/var/opt/gitlab/alertmanager] mode changed to 750
[2023-12-02T14:18:19+00:00] INFO: directory[/opt/gitlab/etc/alertmanager/env] created directory /opt/gitlab/etc/alertmanager/env
[2023-12-02T14:18:19+00:00] INFO: directory[/opt/gitlab/etc/alertmanager/env] owner changed to 992
[2023-12-02T14:18:19+00:00] INFO: directory[/opt/gitlab/etc/alertmanager/env] mode changed to 700
[2023-12-02T14:18:19+00:00] INFO: file[/opt/gitlab/etc/alertmanager/env/SSL_CERT_DIR] created file /opt/gitlab/etc/alertmanager/env/SSL_CERT_DIR
[2023-12-02T14:18:19+00:00] INFO: file[/opt/gitlab/etc/alertmanager/env/SSL_CERT_DIR] updated file contents /opt/gitlab/etc/alertmanager/env/SSL_CERT_DIR
[2023-12-02T14:18:19+00:00] INFO: file[Alertmanager config] created file /var/opt/gitlab/alertmanager/alertmanager.yml
[2023-12-02T14:18:19+00:00] INFO: file[Alertmanager config] updated file contents /var/opt/gitlab/alertmanager/alertmanager.yml
[2023-12-02T14:18:19+00:00] INFO: file[Alertmanager config] owner changed to 992
[2023-12-02T14:18:19+00:00] INFO: file[Alertmanager config] mode changed to 644
[2023-12-02T14:18:19+00:00] INFO: file[Alertmanager config] not queuing delayed action restart on runit_service[alertmanager] (delayed), as it's already been queued
[2023-12-02T14:18:19+00:00] INFO: directory[/opt/gitlab/sv/alertmanager] created directory /opt/gitlab/sv/alertmanager
[2023-12-02T14:18:19+00:00] INFO: directory[/opt/gitlab/sv/alertmanager] owner changed to 0
[2023-12-02T14:18:19+00:00] INFO: directory[/opt/gitlab/sv/alertmanager] group changed to 0
[2023-12-02T14:18:19+00:00] INFO: directory[/opt/gitlab/sv/alertmanager] mode changed to 755
[2023-12-02T14:18:19+00:00] INFO: template[/opt/gitlab/sv/alertmanager/run] created file /opt/gitlab/sv/alertmanager/run
[2023-12-02T14:18:19+00:00] INFO: template[/opt/gitlab/sv/alertmanager/run] updated file contents /opt/gitlab/sv/alertmanager/run
[2023-12-02T14:18:19+00:00] INFO: template[/opt/gitlab/sv/alertmanager/run] owner changed to 0
[2023-12-02T14:18:19+00:00] INFO: template[/opt/gitlab/sv/alertmanager/run] group changed to 0
[2023-12-02T14:18:19+00:00] INFO: template[/opt/gitlab/sv/alertmanager/run] mode changed to 755
[2023-12-02T14:18:19+00:00] INFO: directory[/opt/gitlab/sv/alertmanager/log] created directory /opt/gitlab/sv/alertmanager/log
[2023-12-02T14:18:19+00:00] INFO: directory[/opt/gitlab/sv/alertmanager/log] owner changed to 0
[2023-12-02T14:18:19+00:00] INFO: directory[/opt/gitlab/sv/alertmanager/log] group changed to 0
[2023-12-02T14:18:19+00:00] INFO: directory[/opt/gitlab/sv/alertmanager/log] mode changed to 755
[2023-12-02T14:18:19+00:00] INFO: directory[/opt/gitlab/sv/alertmanager/log/main] created directory /opt/gitlab/sv/alertmanager/log/main
[2023-12-02T14:18:19+00:00] INFO: directory[/opt/gitlab/sv/alertmanager/log/main] owner changed to 0
[2023-12-02T14:18:19+00:00] INFO: directory[/opt/gitlab/sv/alertmanager/log/main] group changed to 0
[2023-12-02T14:18:19+00:00] INFO: directory[/opt/gitlab/sv/alertmanager/log/main] mode changed to 755
[2023-12-02T14:18:19+00:00] INFO: template[/opt/gitlab/sv/alertmanager/log/config] created file /opt/gitlab/sv/alertmanager/log/config
[2023-12-02T14:18:19+00:00] INFO: template[/opt/gitlab/sv/alertmanager/log/config] updated file contents /opt/gitlab/sv/alertmanager/log/config
[2023-12-02T14:18:19+00:00] INFO: template[/opt/gitlab/sv/alertmanager/log/config] owner changed to 0
[2023-12-02T14:18:19+00:00] INFO: template[/opt/gitlab/sv/alertmanager/log/config] group changed to 0
[2023-12-02T14:18:19+00:00] INFO: template[/opt/gitlab/sv/alertmanager/log/config] mode changed to 644
[2023-12-02T14:18:19+00:00] INFO: template[/opt/gitlab/sv/alertmanager/log/config] sending create action to ruby_block[verify_chown_persisted_on_alertmanager] (immediate)
[2023-12-02T14:18:19+00:00] INFO: ruby_block[verify_chown_persisted_on_alertmanager] called
[2023-12-02T14:18:19+00:00] INFO: template[/opt/gitlab/sv/alertmanager/log/run] created file /opt/gitlab/sv/alertmanager/log/run
[2023-12-02T14:18:19+00:00] INFO: template[/opt/gitlab/sv/alertmanager/log/run] updated file contents /opt/gitlab/sv/alertmanager/log/run
[2023-12-02T14:18:19+00:00] INFO: template[/opt/gitlab/sv/alertmanager/log/run] owner changed to 0
[2023-12-02T14:18:19+00:00] INFO: template[/opt/gitlab/sv/alertmanager/log/run] group changed to 0
[2023-12-02T14:18:19+00:00] INFO: template[/opt/gitlab/sv/alertmanager/log/run] mode changed to 755
[2023-12-02T14:18:19+00:00] INFO: directory[/opt/gitlab/sv/alertmanager/env] created directory /opt/gitlab/sv/alertmanager/env
[2023-12-02T14:18:19+00:00] INFO: directory[/opt/gitlab/sv/alertmanager/env] owner changed to 0
[2023-12-02T14:18:19+00:00] INFO: directory[/opt/gitlab/sv/alertmanager/env] group changed to 0
[2023-12-02T14:18:19+00:00] INFO: directory[/opt/gitlab/sv/alertmanager/env] mode changed to 755
[2023-12-02T14:18:19+00:00] INFO: directory[/opt/gitlab/sv/alertmanager/control] created directory /opt/gitlab/sv/alertmanager/control
[2023-12-02T14:18:19+00:00] INFO: directory[/opt/gitlab/sv/alertmanager/control] owner changed to 0
[2023-12-02T14:18:19+00:00] INFO: directory[/opt/gitlab/sv/alertmanager/control] group changed to 0
[2023-12-02T14:18:19+00:00] INFO: directory[/opt/gitlab/sv/alertmanager/control] mode changed to 755
[2023-12-02T14:18:19+00:00] INFO: link[/opt/gitlab/init/alertmanager] created
[2023-12-02T14:18:19+00:00] INFO: template[/opt/gitlab/sv/alertmanager/run] sending run action to ruby_block[restart_service] (delayed)
[2023-12-02T14:18:19+00:00] INFO: template[/opt/gitlab/sv/alertmanager/log/config] sending create action to ruby_block[reload_log_service] (delayed)
[2023-12-02T14:18:20+00:00] INFO: link[/opt/gitlab/service/alertmanager] created
[2023-12-02T14:18:22+00:00] INFO: ruby_block[wait for alertmanager service socket] called
[2023-12-02T14:18:23+00:00] INFO: ruby_block[reload_log_service] called
[2023-12-02T14:18:23+00:00] INFO: template[/opt/gitlab/sv/alertmanager/log/run] sending run action to ruby_block[restart_log_service] (delayed)
[2023-12-02T14:18:24+00:00] INFO: ruby_block[restart_log_service] called
[2023-12-02T14:18:25+00:00] INFO: execute[/opt/gitlab/bin/gitlab-ctl start alertmanager] ran successfully
[2023-12-02T14:18:25+00:00] INFO: directory[/var/opt/gitlab/postgres-exporter] created directory /var/opt/gitlab/postgres-exporter
[2023-12-02T14:18:25+00:00] INFO: directory[/var/opt/gitlab/postgres-exporter] owner changed to 996
[2023-12-02T14:18:25+00:00] INFO: directory[/var/opt/gitlab/postgres-exporter] mode changed to 700
[2023-12-02T14:18:25+00:00] INFO: directory[/opt/gitlab/etc/postgres-exporter/env] created directory /opt/gitlab/etc/postgres-exporter/env
[2023-12-02T14:18:25+00:00] INFO: file[/opt/gitlab/etc/postgres-exporter/env/SSL_CERT_DIR] created file /opt/gitlab/etc/postgres-exporter/env/SSL_CERT_DIR
[2023-12-02T14:18:25+00:00] INFO: file[/opt/gitlab/etc/postgres-exporter/env/SSL_CERT_DIR] updated file contents /opt/gitlab/etc/postgres-exporter/env/SSL_CERT_DIR
[2023-12-02T14:18:25+00:00] INFO: file[/opt/gitlab/etc/postgres-exporter/env/DATA_SOURCE_NAME] created file /opt/gitlab/etc/postgres-exporter/env/DATA_SOURCE_NAME
[2023-12-02T14:18:25+00:00] INFO: file[/opt/gitlab/etc/postgres-exporter/env/DATA_SOURCE_NAME] updated file contents /opt/gitlab/etc/postgres-exporter/env/DATA_SOURCE_NAME
[2023-12-02T14:18:25+00:00] INFO: directory[/opt/gitlab/sv/postgres-exporter] created directory /opt/gitlab/sv/postgres-exporter
[2023-12-02T14:18:25+00:00] INFO: directory[/opt/gitlab/sv/postgres-exporter] owner changed to 0
[2023-12-02T14:18:25+00:00] INFO: directory[/opt/gitlab/sv/postgres-exporter] group changed to 0
[2023-12-02T14:18:25+00:00] INFO: directory[/opt/gitlab/sv/postgres-exporter] mode changed to 755
[2023-12-02T14:18:25+00:00] INFO: template[/opt/gitlab/sv/postgres-exporter/run] created file /opt/gitlab/sv/postgres-exporter/run
[2023-12-02T14:18:25+00:00] INFO: template[/opt/gitlab/sv/postgres-exporter/run] updated file contents /opt/gitlab/sv/postgres-exporter/run
[2023-12-02T14:18:25+00:00] INFO: template[/opt/gitlab/sv/postgres-exporter/run] owner changed to 0
[2023-12-02T14:18:25+00:00] INFO: template[/opt/gitlab/sv/postgres-exporter/run] group changed to 0
[2023-12-02T14:18:25+00:00] INFO: template[/opt/gitlab/sv/postgres-exporter/run] mode changed to 755
[2023-12-02T14:18:25+00:00] INFO: directory[/opt/gitlab/sv/postgres-exporter/log] created directory /opt/gitlab/sv/postgres-exporter/log
[2023-12-02T14:18:25+00:00] INFO: directory[/opt/gitlab/sv/postgres-exporter/log] owner changed to 0
[2023-12-02T14:18:25+00:00] INFO: directory[/opt/gitlab/sv/postgres-exporter/log] group changed to 0
[2023-12-02T14:18:25+00:00] INFO: directory[/opt/gitlab/sv/postgres-exporter/log] mode changed to 755
[2023-12-02T14:18:25+00:00] INFO: directory[/opt/gitlab/sv/postgres-exporter/log/main] created directory /opt/gitlab/sv/postgres-exporter/log/main
[2023-12-02T14:18:25+00:00] INFO: directory[/opt/gitlab/sv/postgres-exporter/log/main] owner changed to 0
[2023-12-02T14:18:25+00:00] INFO: directory[/opt/gitlab/sv/postgres-exporter/log/main] group changed to 0
[2023-12-02T14:18:25+00:00] INFO: directory[/opt/gitlab/sv/postgres-exporter/log/main] mode changed to 755
[2023-12-02T14:18:25+00:00] INFO: template[/opt/gitlab/sv/postgres-exporter/log/config] created file /opt/gitlab/sv/postgres-exporter/log/config
[2023-12-02T14:18:25+00:00] INFO: template[/opt/gitlab/sv/postgres-exporter/log/config] updated file contents /opt/gitlab/sv/postgres-exporter/log/config
[2023-12-02T14:18:25+00:00] INFO: template[/opt/gitlab/sv/postgres-exporter/log/config] owner changed to 0
[2023-12-02T14:18:25+00:00] INFO: template[/opt/gitlab/sv/postgres-exporter/log/config] group changed to 0
[2023-12-02T14:18:25+00:00] INFO: template[/opt/gitlab/sv/postgres-exporter/log/config] mode changed to 644
[2023-12-02T14:18:25+00:00] INFO: template[/opt/gitlab/sv/postgres-exporter/log/config] sending create action to ruby_block[verify_chown_persisted_on_postgres-exporter] (immediate)
[2023-12-02T14:18:25+00:00] INFO: ruby_block[verify_chown_persisted_on_postgres-exporter] called
[2023-12-02T14:18:25+00:00] INFO: template[/opt/gitlab/sv/postgres-exporter/log/run] created file /opt/gitlab/sv/postgres-exporter/log/run
[2023-12-02T14:18:25+00:00] INFO: template[/opt/gitlab/sv/postgres-exporter/log/run] updated file contents /opt/gitlab/sv/postgres-exporter/log/run
[2023-12-02T14:18:25+00:00] INFO: template[/opt/gitlab/sv/postgres-exporter/log/run] owner changed to 0
[2023-12-02T14:18:25+00:00] INFO: template[/opt/gitlab/sv/postgres-exporter/log/run] group changed to 0
[2023-12-02T14:18:25+00:00] INFO: template[/opt/gitlab/sv/postgres-exporter/log/run] mode changed to 755
[2023-12-02T14:18:25+00:00] INFO: directory[/opt/gitlab/sv/postgres-exporter/env] created directory /opt/gitlab/sv/postgres-exporter/env
[2023-12-02T14:18:25+00:00] INFO: directory[/opt/gitlab/sv/postgres-exporter/env] owner changed to 0
[2023-12-02T14:18:25+00:00] INFO: directory[/opt/gitlab/sv/postgres-exporter/env] group changed to 0
[2023-12-02T14:18:25+00:00] INFO: directory[/opt/gitlab/sv/postgres-exporter/env] mode changed to 755
[2023-12-02T14:18:25+00:00] INFO: directory[/opt/gitlab/sv/postgres-exporter/control] created directory /opt/gitlab/sv/postgres-exporter/control
[2023-12-02T14:18:25+00:00] INFO: directory[/opt/gitlab/sv/postgres-exporter/control] owner changed to 0
[2023-12-02T14:18:25+00:00] INFO: directory[/opt/gitlab/sv/postgres-exporter/control] group changed to 0
[2023-12-02T14:18:25+00:00] INFO: directory[/opt/gitlab/sv/postgres-exporter/control] mode changed to 755
[2023-12-02T14:18:25+00:00] INFO: link[/opt/gitlab/init/postgres-exporter] created
[2023-12-02T14:18:25+00:00] INFO: template[/opt/gitlab/sv/postgres-exporter/run] sending run action to ruby_block[restart_service] (delayed)
[2023-12-02T14:18:25+00:00] INFO: template[/opt/gitlab/sv/postgres-exporter/log/config] sending create action to ruby_block[reload_log_service] (delayed)
[2023-12-02T14:18:26+00:00] INFO: link[/opt/gitlab/service/postgres-exporter] created
[2023-12-02T14:18:28+00:00] INFO: ruby_block[wait for postgres-exporter service socket] called
[2023-12-02T14:18:30+00:00] INFO: ruby_block[reload_log_service] called
[2023-12-02T14:18:30+00:00] INFO: template[/opt/gitlab/sv/postgres-exporter/log/run] sending run action to ruby_block[restart_log_service] (delayed)
[2023-12-02T14:18:32+00:00] INFO: ruby_block[restart_log_service] called
[2023-12-02T14:18:32+00:00] INFO: template[/var/opt/gitlab/postgres-exporter/queries.yaml] created file /var/opt/gitlab/postgres-exporter/queries.yaml
[2023-12-02T14:18:32+00:00] INFO: template[/var/opt/gitlab/postgres-exporter/queries.yaml] updated file contents /var/opt/gitlab/postgres-exporter/queries.yaml
[2023-12-02T14:18:32+00:00] INFO: template[/var/opt/gitlab/postgres-exporter/queries.yaml] owner changed to 996
[2023-12-02T14:18:32+00:00] INFO: template[/var/opt/gitlab/postgres-exporter/queries.yaml] mode changed to 644
[2023-12-02T14:18:32+00:00] INFO: template[/var/opt/gitlab/postgres-exporter/queries.yaml] not queuing delayed action restart on runit_service[postgres-exporter] (delayed), as it's already been queued
[2023-12-02T14:18:34+00:00] INFO: execute[/opt/gitlab/bin/gitlab-ctl start postgres-exporter] ran successfully
[2023-12-02T14:18:34+00:00] INFO: directory[/var/opt/gitlab/gitlab-workhorse/sockets] sending restart action to runit_service[gitlab-workhorse] (delayed)
[2023-12-02T14:18:34+00:00] INFO: version_file[Create version file for NGINX] sending restart action to runit_service[nginx] (delayed)
[2023-12-02T14:18:35+00:00] INFO: env_dir[/opt/gitlab/etc/gitlab-exporter/env] sending restart action to runit_service[gitlab-exporter] (delayed)
[2023-12-02T14:18:36+00:00] INFO: env_dir[/opt/gitlab/etc/redis-exporter/env] sending restart action to runit_service[redis-exporter] (delayed)
[2023-12-02T14:18:37+00:00] INFO: env_dir[/opt/gitlab/etc/prometheus/env] sending restart action to runit_service[prometheus] (delayed)
[2023-12-02T14:18:38+00:00] INFO: file[Prometheus config] sending run action to execute[reload prometheus] (delayed)
[2023-12-02T14:18:39+00:00] INFO: execute[reload prometheus] ran successfully
[2023-12-02T14:18:39+00:00] INFO: env_dir[/opt/gitlab/etc/alertmanager/env] sending restart action to runit_service[alertmanager] (delayed)
[2023-12-02T14:18:39+00:00] INFO: env_dir[/opt/gitlab/etc/postgres-exporter/env] sending restart action to runit_service[postgres-exporter] (delayed)
[2023-12-02T14:18:40+00:00] INFO: Cinc Client Run complete in 215.255763485 seconds
[2023-12-02T14:18:40+00:00] INFO: Running report handlers
[2023-12-02T14:18:40+00:00] INFO: Report handlers complete
